<?xml version="1.0" encoding="UTF-8"?>
<coverage generated="1569838088355" clover="3.2.0">
  <project timestamp="1569838088355" name="All files">
    <metrics statements="546" coveredstatements="364" conditionals="475" coveredconditionals="238" methods="118" coveredmethods="75" elements="1139" coveredelements="677" complexity="0" loc="546" ncloc="546" packages="16" files="28" classes="28"/>
    <package name="Alert">
      <metrics statements="31" coveredstatements="27" conditionals="22" coveredconditionals="14" methods="2" coveredmethods="2"/>
      <file name="Alert.js" path="/Users/n/Work/eessi-pensjon-ui/src/components/Alert/Alert.js">
        <metrics statements="31" coveredstatements="27" conditionals="22" coveredconditionals="14" methods="2" coveredmethods="2"/>
        <line num="8" count="1" type="stmt"/>
        <line num="14" count="1" type="stmt"/>
        <line num="15" count="8" type="stmt"/>
        <line num="17" count="8" type="stmt"/>
        <line num="18" count="1" type="stmt"/>
        <line num="19" count="1" type="cond" truecount="1" falsecount="1"/>
        <line num="20" count="1" type="stmt"/>
        <line num="22" count="1" type="cond" truecount="1" falsecount="1"/>
        <line num="23" count="1" type="stmt"/>
        <line num="25" count="1" type="cond" truecount="1" falsecount="1"/>
        <line num="26" count="1" type="stmt"/>
        <line num="28" count="1" type="cond" truecount="1" falsecount="1"/>
        <line num="29" count="1" type="stmt"/>
        <line num="31" count="1" type="stmt"/>
        <line num="34" count="8" type="cond" truecount="2" falsecount="0"/>
        <line num="35" count="3" type="cond" truecount="1" falsecount="1"/>
        <line num="36" count="0" type="stmt"/>
        <line num="39" count="3" type="stmt"/>
        <line num="40" count="3" type="cond" truecount="2" falsecount="0"/>
        <line num="41" count="1" type="stmt"/>
        <line num="43" count="3" type="stmt"/>
        <line num="53" count="5" type="cond" truecount="1" falsecount="1"/>
        <line num="54" count="0" type="stmt"/>
        <line num="57" count="5" type="stmt"/>
        <line num="60" count="5" type="cond" truecount="1" falsecount="1"/>
        <line num="61" count="5" type="stmt"/>
        <line num="63" count="0" type="stmt"/>
        <line num="66" count="5" type="cond" truecount="1" falsecount="1"/>
        <line num="67" count="0" type="stmt"/>
        <line num="70" count="5" type="stmt"/>
        <line num="81" count="1" type="stmt"/>
      </file>
    </package>
    <package name="Banner">
      <metrics statements="4" coveredstatements="4" conditionals="0" coveredconditionals="0" methods="1" coveredmethods="1"/>
      <file name="Banner.js" path="/Users/n/Work/eessi-pensjon-ui/src/components/Banner/Banner.js">
        <metrics statements="4" coveredstatements="4" conditionals="0" coveredconditionals="0" methods="1" coveredmethods="1"/>
        <line num="6" count="1" type="stmt"/>
        <line num="7" count="3" type="stmt"/>
        <line num="9" count="3" type="stmt"/>
        <line num="28" count="1" type="stmt"/>
      </file>
    </package>
    <package name="ColorPicker">
      <metrics statements="16" coveredstatements="14" conditionals="4" coveredconditionals="3" methods="5" coveredmethods="4"/>
      <file name="ColorPicker.js" path="/Users/n/Work/eessi-pensjon-ui/src/components/ColorPicker/ColorPicker.js">
        <metrics statements="16" coveredstatements="14" conditionals="4" coveredconditionals="3" methods="5" coveredmethods="4"/>
        <line num="7" count="1" type="stmt"/>
        <line num="8" count="6" type="stmt"/>
        <line num="10" count="6" type="stmt"/>
        <line num="11" count="6" type="stmt"/>
        <line num="13" count="6" type="stmt"/>
        <line num="14" count="2" type="cond" truecount="1" falsecount="1"/>
        <line num="15" count="0" type="stmt"/>
        <line num="19" count="6" type="stmt"/>
        <line num="20" count="3" type="stmt"/>
        <line num="23" count="6" type="stmt"/>
        <line num="24" count="1" type="stmt"/>
        <line num="27" count="6" type="stmt"/>
        <line num="28" count="0" type="stmt"/>
        <line num="31" count="6" type="stmt"/>
        <line num="61" count="6" type="stmt"/>
        <line num="78" count="1" type="stmt"/>
      </file>
    </package>
    <package name="CountryData">
      <metrics statements="12" coveredstatements="12" conditionals="0" coveredconditionals="0" methods="5" coveredmethods="5"/>
      <file name="CountryData.js" path="/Users/n/Work/eessi-pensjon-ui/src/components/CountryData/CountryData.js">
        <metrics statements="12" coveredstatements="12" conditionals="0" coveredconditionals="0" methods="5" coveredmethods="5"/>
        <line num="4" count="4" type="stmt"/>
        <line num="2793" count="4" type="stmt"/>
        <line num="2794" count="7" type="stmt"/>
        <line num="2797" count="4" type="stmt"/>
        <line num="2798" count="10" type="stmt"/>
        <line num="2801" count="4" type="stmt"/>
        <line num="2802" count="1" type="stmt"/>
        <line num="2805" count="4" type="stmt"/>
        <line num="2806" count="1" type="stmt"/>
        <line num="2807" count="251" type="stmt"/>
        <line num="2812" count="4" type="stmt"/>
        <line num="2813" count="4" type="stmt"/>
      </file>
    </package>
    <package name="CountrySelect">
      <metrics statements="40" coveredstatements="37" conditionals="40" coveredconditionals="26" methods="10" coveredmethods="8"/>
      <file name="CountryErrorStyle.js" path="/Users/n/Work/eessi-pensjon-ui/src/components/CountrySelect/CountryErrorStyle.js">
        <metrics statements="6" coveredstatements="6" conditionals="10" coveredconditionals="5" methods="3" coveredmethods="3"/>
        <line num="1" count="1" type="stmt"/>
        <line num="2" count="3" type="stmt"/>
        <line num="4" count="9" type="stmt"/>
        <line num="5" count="9" type="stmt"/>
        <line num="14" count="9" type="stmt"/>
        <line num="15" count="9" type="stmt"/>
      </file>
      <file name="CountryFilter.js" path="/Users/n/Work/eessi-pensjon-ui/src/components/CountrySelect/CountryFilter.js">
        <metrics statements="2" coveredstatements="2" conditionals="0" coveredconditionals="0" methods="0" coveredmethods="0"/>
        <line num="1" count="1" type="stmt"/>
        <line num="5" count="1" type="stmt"/>
      </file>
      <file name="CountryOption.js" path="/Users/n/Work/eessi-pensjon-ui/src/components/CountrySelect/CountryOption.js">
        <metrics statements="8" coveredstatements="8" conditionals="6" coveredconditionals="6" methods="1" coveredmethods="1"/>
        <line num="6" count="2" type="stmt"/>
        <line num="7" count="606" type="stmt"/>
        <line num="8" count="606" type="stmt"/>
        <line num="9" count="606" type="cond" truecount="2" falsecount="0"/>
        <line num="10" count="606" type="cond" truecount="4" falsecount="0"/>
        <line num="11" count="606" type="stmt"/>
        <line num="12" count="606" type="stmt"/>
        <line num="33" count="2" type="stmt"/>
      </file>
      <file name="CountrySelect.js" path="/Users/n/Work/eessi-pensjon-ui/src/components/CountrySelect/CountrySelect.js">
        <metrics statements="17" coveredstatements="14" conditionals="18" coveredconditionals="10" methods="5" coveredmethods="3"/>
        <line num="13" count="1" type="stmt"/>
        <line num="14" count="3" type="cond" truecount="1" falsecount="0"/>
        <line num="15" count="3" type="cond" truecount="1" falsecount="0"/>
        <line num="17" count="3" type="stmt"/>
        <line num="18" count="3" type="stmt"/>
        <line num="19" count="5020" type="stmt"/>
        <line num="23" count="3" type="stmt"/>
        <line num="24" count="0" type="stmt"/>
        <line num="25" count="0" type="stmt"/>
        <line num="29" count="3" type="stmt"/>
        <line num="30" count="3" type="cond" truecount="1" falsecount="1"/>
        <line num="31" count="3" type="cond" truecount="1" falsecount="1"/>
        <line num="33" count="3" type="stmt"/>
        <line num="34" count="3" type="cond" truecount="3" falsecount="1"/>
        <line num="35" count="0" type="cond" truecount="0" falsecount="2"/>
        <line num="38" count="3" type="stmt"/>
        <line num="78" count="1" type="stmt"/>
      </file>
      <file name="CountryValue.js" path="/Users/n/Work/eessi-pensjon-ui/src/components/CountrySelect/CountryValue.js">
        <metrics statements="7" coveredstatements="7" conditionals="6" coveredconditionals="5" methods="1" coveredmethods="1"/>
        <line num="4" count="2" type="stmt"/>
        <line num="5" count="12" type="stmt"/>
        <line num="6" count="12" type="stmt"/>
        <line num="7" count="12" type="cond" truecount="2" falsecount="0"/>
        <line num="8" count="12" type="cond" truecount="3" falsecount="1"/>
        <line num="10" count="12" type="stmt"/>
        <line num="18" count="2" type="stmt"/>
      </file>
    </package>
    <package name="DatePicker">
      <metrics statements="53" coveredstatements="47" conditionals="65" coveredconditionals="58" methods="13" coveredmethods="9"/>
      <file name="DatePicker.js" path="/Users/n/Work/eessi-pensjon-ui/src/components/DatePicker/DatePicker.js">
        <metrics statements="53" coveredstatements="47" conditionals="65" coveredconditionals="58" methods="13" coveredmethods="9"/>
        <line num="9" count="1" type="stmt"/>
        <line num="10" count="34" type="cond" truecount="4" falsecount="1"/>
        <line num="11" count="34" type="stmt"/>
        <line num="12" count="34" type="stmt"/>
        <line num="14" count="34" type="stmt"/>
        <line num="15" count="0" type="stmt"/>
        <line num="16" count="0" type="cond" truecount="0" falsecount="2"/>
        <line num="17" count="0" type="stmt"/>
        <line num="21" count="34" type="stmt"/>
        <line num="22" count="27" type="stmt"/>
        <line num="23" count="27" type="stmt"/>
        <line num="24" count="27" type="stmt"/>
        <line num="25" count="27" type="cond" truecount="5" falsecount="0"/>
        <line num="26" count="17" type="stmt"/>
        <line num="28" count="27" type="cond" truecount="2" falsecount="0"/>
        <line num="29" count="20" type="stmt"/>
        <line num="31" count="27" type="cond" truecount="6" falsecount="0"/>
        <line num="32" count="10" type="stmt"/>
        <line num="34" count="17" type="stmt"/>
        <line num="37" count="34" type="stmt"/>
        <line num="38" count="27" type="cond" truecount="2" falsecount="0"/>
        <line num="39" count="11" type="stmt"/>
        <line num="41" count="16" type="stmt"/>
        <line num="42" count="16" type="cond" truecount="5" falsecount="0"/>
        <line num="43" count="6" type="stmt"/>
        <line num="45" count="10" type="stmt"/>
        <line num="48" count="34" type="stmt"/>
        <line num="49" count="27" type="cond" truecount="2" falsecount="0"/>
        <line num="50" count="18" type="stmt"/>
        <line num="52" count="9" type="stmt"/>
        <line num="53" count="9" type="cond" truecount="2" falsecount="0"/>
        <line num="54" count="2" type="stmt"/>
        <line num="56" count="7" type="stmt"/>
        <line num="59" count="34" type="stmt"/>
        <line num="60" count="27" type="stmt"/>
        <line num="68" count="34" type="stmt"/>
        <line num="69" count="27" type="stmt"/>
        <line num="72" count="27" type="cond" truecount="1" falsecount="1"/>
        <line num="73" count="0" type="stmt"/>
        <line num="74" count="0" type="stmt"/>
        <line num="75" count="0" type="stmt"/>
        <line num="77" count="27" type="stmt"/>
        <line num="79" count="27" type="stmt"/>
        <line num="80" count="27" type="stmt"/>
        <line num="81" count="27" type="stmt"/>
        <line num="84" count="34" type="stmt"/>
        <line num="85" count="34" type="stmt"/>
        <line num="86" count="34" type="stmt"/>
        <line num="87" count="34" type="stmt"/>
        <line num="88" count="34" type="stmt"/>
        <line num="89" count="34" type="stmt"/>
        <line num="91" count="34" type="stmt"/>
        <line num="152" count="1" type="stmt"/>
      </file>
    </package>
    <package name="File">
      <metrics statements="88" coveredstatements="82" conditionals="93" coveredconditionals="82" methods="23" coveredmethods="17"/>
      <file name="File.js" path="/Users/n/Work/eessi-pensjon-ui/src/components/File/File.js">
        <metrics statements="26" coveredstatements="23" conditionals="24" coveredconditionals="18" methods="4" coveredmethods="3"/>
        <line num="9" count="2" type="stmt"/>
        <line num="11" count="2" type="stmt"/>
        <line num="12" count="14" type="cond" truecount="1" falsecount="1"/>
        <line num="13" count="0" type="stmt"/>
        <line num="15" count="14" type="stmt"/>
        <line num="16" count="14" type="cond" truecount="2" falsecount="0"/>
        <line num="17" count="5" type="stmt"/>
        <line num="19" count="14" type="cond" truecount="2" falsecount="2"/>
        <line num="22" count="2" type="stmt"/>
        <line num="23" count="14" type="stmt"/>
        <line num="24" count="14" type="stmt"/>
        <line num="26" count="14" type="cond" truecount="1" falsecount="1"/>
        <line num="27" count="14" type="cond" truecount="3" falsecount="1"/>
        <line num="28" count="14" type="cond" truecount="2" falsecount="0"/>
        <line num="29" count="14" type="cond" truecount="2" falsecount="0"/>
        <line num="31" count="14" type="stmt"/>
        <line num="32" count="2" type="stmt"/>
        <line num="35" count="14" type="stmt"/>
        <line num="36" count="0" type="stmt"/>
        <line num="39" count="14" type="cond" truecount="2" falsecount="0"/>
        <line num="40" count="6" type="stmt"/>
        <line num="52" count="8" type="cond" truecount="3" falsecount="1"/>
        <line num="54" count="7" type="stmt"/>
        <line num="67" count="1" type="stmt"/>
        <line num="79" count="0" type="stmt"/>
        <line num="93" count="2" type="stmt"/>
      </file>
      <file name="Image="/Users/n/Work/eessi-pensjon-ui/src/components/File/Image     <metrics statements="8" coveredstatements="7" conditionals="9" coveredconditionals="8" methods="5" coveredmethods="3"/>
        <line num="8" count="3" type="stmt"/>
        <line num="9" count="9" type="cond" truecount="0" falsecount="1"/>
        <line num="10" count="9" type="stmt"/>
        <line num="12" count="9" type="stmt"/>
        <line num="23" count="1" type="stmt"/>
        <line num="33" count="0" type="stmt"/>
        <line num="41" count="1" type="stmt"/>
        <line num="53" count="3" type="stmt"/>
      </file>
      <file name="Other="/Users/n/Work/eessi-pensjon-ui/src/components/File/Other.js  <metrics statements="8" coveredstatements="7" conditionals="7" coveredconditionals="7" methods="5" coveredmethods="3"/>
        <line num="8" count="3" type="stmt"/>
        <line num="11" count="13" type="stmt"/>
        <line num="12" count="13" type="stmt"/>
        <line num="14" count="13" type="stmt"/>
        <line num="22" count="2" type="stmt"/>
        <line num="31" count="0" type="stmt"/>
        <line num="41" count="1" type="stmt"/>
        <line num="48" count="3" type="stmt"/>
      </file>
      <file name="Pdf="/Users/n/Work/eessi-pensjon-ui/src/components/File/Pdf     <metrics statements="46" coveredstatements="45" conditionals="53" coveredconditionals="49" methods="9" coveredmethods="8"/>
        <line num="9" count="3" type="stmt"/>
        <line num="11" count="3" type="stmt"/>
        <line num="12" count="24" type="stmt"/>
        <line num="13" count="24" type="stmt"/>
        <line num="14" count="24" type="stmt"/>
        <line num="15" count="24" type="stmt"/>
        <line num="16" count="24" type="stmt"/>
        <line num="17" count="24" type="cond" truecount="2" falsecount="0"/>
        <line num="19" count="24" type="stmt"/>
        <line num="20" count="15" type="cond" truecount="5" falsecount="0"/>
        <line num="21" count="1" type="stmt"/>
        <line num="25" count="24" type="stmt"/>
        <line num="26" count="13" type="stmt"/>
        <line num="27" count="13" type="cond" truecount="1" falsecount="1"/>
        <line num="28" count="13" type="stmt"/>
        <line num="32" count="24" type="stmt"/>
        <line num="33" count="1" type="stmt"/>
        <line num="34" count="1" type="stmt"/>
        <line num="35" count="1" type="stmt"/>
        <line num="36" count="1" type="cond" truecount="1" falsecount="1"/>
        <line num="37" count="1" type="stmt"/>
        <line num="41" count="24" type="stmt"/>
        <line num="42" count="2" type="stmt"/>
        <line num="43" count="2" type="stmt"/>
        <line num="44" count="2" type="cond" truecount="1" falsecount="1"/>
        <line num="45" count="2" type="stmt"/>
        <line num="49" count="24" type="stmt"/>
        <line num="50" count="1" type="stmt"/>
        <line num="51" count="1" type="stmt"/>
        <line num="52" count="1" type="cond" truecount="1" falsecount="1"/>
        <line num="53" count="1" type="stmt"/>
        <line num="57" count="24" type="stmt"/>
        <line num="58" count="2" type="stmt"/>
        <line num="59" count="2" type="stmt"/>
        <line num="60" count="2" type="stmt"/>
        <line num="61" count="2" type="cond" truecount="4" falsecount="0"/>
        <line num="62" count="1" type="stmt"/>
        <line num="66" count="24" type="stmt"/>
        <line num="67" count="2" type="stmt"/>
        <line num="68" count="2" type="stmt"/>
        <line num="69" count="2" type="stmt"/>
        <line num="70" count="2" type="cond" truecount="4" falsecount="0"/>
        <line num="71" count="1" type="stmt"/>
        <line num="75" count="24" type="stmt"/>
        <line num="121" count="0" type="stmt"/>
        <line num="167" count="3" type="stmt"/>
      </file>
    </package>
    <package name="FileUpload">
      <metrics statements="75" coveredstatements="70" conditionals="35" coveredconditionals="21" methods="16" coveredmethods="14"/>
      <file name="FileUpload.js" path="/Users/n/Work/eessi-pensjon-ui/src/components/FileUpload/FileUpload.js">
        <metrics statements="75" coveredstatements="70" conditionals="35" coveredconditionals="21" methods="16" coveredmethods="14"/>
        <line num="13" count="1" type="stmt"/>
        <line num="14" count="35" type="stmt"/>
        <line num="15" count="35" type="stmt"/>
        <line num="16" count="35" type="stmt"/>
        <line num="17" count="35" type="cond" truecount="1" falsecount="1"/>
        <line num="18" count="35" type="cond" truecount="1" falsecount="1"/>
        <line num="20" count="35" type="stmt"/>
        <line num="21" count="23" type="cond" truecount="4" falsecount="0"/>
        <line num="22" count="3" type="stmt"/>
        <line num="26" count="35" type="stmt"/>
        <line num="27" count="1" type="stmt"/>
        <line num="36" count="35" type="stmt"/>
        <line num="37" count="4" type="stmt"/>
        <line num="38" count="4" type="cond" truecount="1" falsecount="1"/>
        <line num="39" count="4" type="stmt"/>
        <line num="41" count="4" type="cond" truecount="1" falsecount="1"/>
        <line num="42" count="4" type="stmt"/>
        <line num="47" count="4" type="cond" truecount="1" falsecount="1"/>
        <line num="48" count="4" type="stmt"/>
        <line num="52" count="35" type="stmt"/>
        <line num="53" count="3" type="stmt"/>
        <line num="54" count="3" type="stmt"/>
        <line num="55" count="3" type="stmt"/>
        <line num="56" count="1" type="stmt"/>
        <line num="57" count="1" type="stmt"/>
        <line num="58" count="1" type="stmt"/>
        <line num="59" count="1" type="stmt"/>
        <line num="60" count="1" type="stmt"/>
        <line num="61" count="1" type="stmt"/>
        <line num="62" count="1" type="stmt"/>
        <line num="63" count="1" type="stmt"/>
        <line num="64" count="13" type="stmt"/>
        <line num="66" count="1" type="stmt"/>
        <line num="67" count="1" type="stmt"/>
        <line num="75" count="1" type="stmt"/>
        <line num="78" count="3" type="stmt"/>
        <line num="79" count="3" type="stmt"/>
        <line num="80" count="3" type="stmt"/>
        <line num="81" count="3" type="stmt"/>
        <line num="84" count="35" type="stmt"/>
        <line num="85" count="3" type="cond" truecount="1" falsecount="1"/>
        <line num="86" count="3" type="stmt"/>
        <line num="88" count="3" type="cond" truecount="3" falsecount="1"/>
        <line num="89" count="0" type="stmt"/>
        <line num="95" count="3" type="stmt"/>
        <line num="97" count="3" type="cond" truecount="1" falsecount="1"/>
        <line num="98" count="3" type="stmt"/>
        <line num="102" count="35" type="stmt"/>
        <line num="103" count="2" type="cond" truecount="4" falsecount="0"/>
        <line num="104" count="1" type="stmt"/>
        <line num="115" count="35" type="stmt"/>
        <line num="116" count="1" type="stmt"/>
        <line num="117" count="1" type="stmt"/>
        <line num="118" count="1" type="stmt"/>
        <line num="119" count="1" type="stmt"/>
        <line num="120" count="1" type="stmt"/>
        <line num="121" count="1" type="stmt"/>
        <line num="122" count="1" type="stmt"/>
        <line num="125" count="35" type="stmt"/>
        <line num="126" count="0" type="cond" truecount="0" falsecount="5"/>
        <line num="127" count="0" type="stmt"/>
        <line num="128" count="0" type="stmt"/>
        <line num="129" count="0" type="stmt"/>
        <line num="133" count="35" type="stmt"/>
        <line num="134" count="1" type="stmt"/>
        <line num="135" count="1" type="stmt"/>
        <line num="136" count="1" type="stmt"/>
        <line num="139" count="35" type="stmt"/>
        <line num="140" count="1" type="stmt"/>
        <line num="141" count="1" type="stmt"/>
        <line num="142" count="1" type="stmt"/>
        <line num="145" count="35" type="stmt"/>
        <line num="152" count="35" type="stmt"/>
        <line num="169" count="8" type="stmt"/>
        <line num="188" count="1" type="stmt"/>
      </file>
    </package>
    <package name="Flag">
      <metrics statements="12" coveredstatements="12" conditionals="10" coveredconditionals="9" methods="3" coveredmethods="3"/>
      <file name="Flag.js" path="/Users/n/Work/eessi-pensjon-ui/src/components/Flag/Flag.js">
        <metrics statements="4" coveredstatements="4" conditionals="3" coveredconditionals="3" methods="1" coveredmethods="1"/>
        <line num="7" count="2" type="stmt"/>
        <line num="8" count="12" type="cond" truecount="3" falsecount="0"/>
        <line num="10" count="12" type="stmt"/>
        <line num="23" count="2" type="stmt"/>
      </file>
      <file name="FlagList.js" path="/Users/n/Work/eessi-pensjon-ui/src/components/Flag/FlagList.js">
        <metrics statements="8" coveredstatements="8" conditionals="7" coveredconditionals="6" methods="2" coveredmethods="2"/>
        <line num="10" count="1" type="stmt"/>
        <line num="11" count="4" type="cond" truecount="0" falsecount="1"/>
        <line num="13" count="4" type="stmt"/>
        <line num="18" count="12" type="cond" truecount="2" falsecount="0"/>
        <line num="19" count="3" type="stmt"/>
        <line num="21" count="9" type="cond" truecount="2" falsecount="0"/>
        <line num="22" count="9" type="stmt"/>
        <line num="39" count="1" type="stmt"/>
      </file>
    </package>
    <package name="FocusGroup">
      <metrics statements="18" coveredstatements="18" conditionals="6" coveredconditionals="3" methods="4" coveredmethods="4"/>
      <file name="FocusGroup.js" path="/Users/n/Work/eessi-pensjon-ui/src/components/FocusGroup/FocusGroup.js">
        <metrics statements="18" coveredstatements="18" conditionals="6" coveredconditionals="3" methods="4" coveredmethods="4"/>
        <line num="6" count="1" type="stmt"/>
        <line num="7" count="7" type="stmt"/>
        <line num="8" count="7" type="stmt"/>
        <line num="9" count="7" type="stmt"/>
        <line num="11" count="7" type="stmt"/>
        <line num="12" count="1" type="stmt"/>
        <line num="13" count="1" type="stmt"/>
        <line num="15" count="1" type="stmt"/>
        <line num="16" count="1" type="cond" truecount="1" falsecount="1"/>
        <line num="17" count="1" type="stmt"/>
        <line num="23" count="7" type="stmt"/>
        <line num="24" count="1" type="stmt"/>
        <line num="25" count="1" type="cond" truecount="1" falsecount="1"/>
        <line num="26" count="1" type="stmt"/>
        <line num="27" count="1" type="cond" truecount="1" falsecount="1"/>
        <line num="28" count="1" type="stmt"/>
        <line num="33" count="7" type="stmt"/>
        <line num="44" count="1" type="stmt"/>
      </file>
    </package>
    <package name="Icons">
      <metrics statements="65" coveredstatements="10" conditionals="64" coveredconditionals="7" methods="1" coveredmethods="1"/>
      <file name="Icons.js" path="/Users/n/Work/eessi-pensjon-ui/src/components/Icons/Icons.js">
        <metrics statements="65" coveredstatements="10" conditionals="64" coveredconditionals="7" methods="1" coveredmethods="1"/>
        <line num="34" count="7" type="stmt"/>
        <line num="35" count="68" type="stmt"/>
        <line num="36" count="68" type="cond" truecount="2" falsecount="0"/>
        <line num="38" count="68" type="cond" truecount="5" falsecount="57"/>
        <line num="39" count="0" type="stmt"/>
        <line num="40" count="0" type="stmt"/>
        <line num="41" count="0" type="stmt"/>
        <line num="42" count="0" type="stmt"/>
        <line num="43" count="0" type="stmt"/>
        <line num="44" count="0" type="stmt"/>
        <line num="45" count="0" type="stmt"/>
        <line num="46" count="0" type="stmt"/>
        <line num="47" count="0" type="stmt"/>
        <line num="48" count="0" type="stmt"/>
        <line num="50" count="0" type="stmt"/>
        <line num="51" count="0" type="stmt"/>
        <line num="52" count="0" type="stmt"/>
        <line num="53" count="0" type="stmt"/>
        <line num="54" count="0" type="stmt"/>
        <line num="55" count="0" type="stmt"/>
        <line num="56" count="0" type="stmt"/>
        <line num="57" count="0" type="stmt"/>
        <line num="58" count="0" type="stmt"/>
        <line num="59" count="0" type="stmt"/>
        <line num="61" count="0" type="stmt"/>
        <line num="62" count="0" type="stmt"/>
        <line num="63" count="0" type="stmt"/>
        <line num="64" count="0" type="stmt"/>
        <line num="66" count="0" type="stmt"/>
        <line num="67" count="12" type="stmt"/>
        <line num="68" count="0" type="stmt"/>
        <line num="70" count="0" type="stmt"/>
        <line num="71" count="0" type="stmt"/>
        <line num="72" count="0" type="stmt"/>
        <line num="73" count="0" type="stmt"/>
        <line num="74" count="0" type="stmt"/>
        <line num="75" count="0" type="stmt"/>
        <line num="76" count="0" type="stmt"/>
        <line num="77" count="0" type="stmt"/>
        <line num="79" count="0" type="stmt"/>
        <line num="80" count="0" type="stmt"/>
        <line num="81" count="0" type="stmt"/>
        <line num="82" count="0" type="stmt"/>
        <line num="83" count="0" type="stmt"/>
        <line num="84" count="19" type="stmt"/>
        <line num="85" count="0" type="stmt"/>
        <line num="86" count="0" type="stmt"/>
        <line num="87" count="0" type="stmt"/>
        <line num="88" count="0" type="stmt"/>
        <line num="89" count="0" type="stmt"/>
        <line num="91" count="0" type="stmt"/>
        <line num="92" count="0" type="stmt"/>
        <line num="93" count="0" type="stmt"/>
        <line num="94" count="0" type="stmt"/>
        <line num="95" count="8" type="stmt"/>
        <line num="96" count="0" type="stmt"/>
        <line num="97" count="0" type="stmt"/>
        <line num="98" count="9" type="stmt"/>
        <line num="99" count="20" type="stmt"/>
        <line num="100" count="0" type="stmt"/>
        <line num="101" count="0" type="stmt"/>
        <line num="102" count="0" type="stmt"/>
        <line num="103" count="0" type="stmt"/>
        <line num="105" count="0" type="stmt"/>
        <line num="109" count="7" type="stmt"/>
      </file>
    </package>
    <package name="Modal">
      <metrics statements="79" coveredstatements="7" conditionals="98" coveredconditionals="8" methods="18" coveredmethods="2"/>
      <file name="Modal.js" path="/Users/n/Work/eessi-pensjon-ui/src/components/Modal/Modal.js">
        <metrics statements="8" coveredstatements="7" conditionals="12" coveredconditionals="8" methods="3" coveredmethods="2"/>
        <line num="6" count="1" type="stmt"/>
        <line num="7" count="3" type="stmt"/>
        <line num="9" count="3" type="stmt"/>
        <line num="10" count="0" type="stmt"/>
        <line num="13" count="3" type="stmt"/>
        <line num="42" count="6" type="stmt"/>
        <line num="43" count="6" type="cond" truecount="2" falsecount="0"/>
        <line num="74" count="1" type="stmt"/>
      </file>
      <file name="StorageModal.js" path="/Users/n/Work/eessi-pensjon-ui/src/components/Modal/StorageModal.js">
        <metrics statements="71" coveredstatements="0" conditionals="86" coveredconditionals="0" methods="15" coveredmethods="0"/>
        <line num="37" count="0" type="stmt"/>
        <line num="46" count="0" type="cond" truecount="0" falsecount="2"/>
        <line num="47" count="0" type="cond" truecount="0" falsecount="2"/>
        <line num="48" count="0" type="stmt"/>
        <line num="54" count="0" type="cond" truecount="0" falsecount="2"/>
        <line num="55" count="0" type="stmt"/>
        <line num="61" count="0" type="cond" truecount="0" falsecount="2"/>
        <line num="62" count="0" type="stmt"/>
        <line num="68" count="0" type="cond" truecount="0" falsecount="4"/>
        <line num="69" count="0" type="stmt"/>
        <line num="74" count="0" type="cond" truecount="0" falsecount="5"/>
        <line num="75" count="0" type="stmt"/>
        <line num="80" count="0" type="stmt"/>
        <line num="88" count="0" type="stmt"/>
        <line num="89" count="0" type="stmt"/>
        <line num="91" count="0" type="cond" truecount="0" falsecount="2"/>
        <line num="92" count="0" type="stmt"/>
        <line num="95" count="0" type="cond" truecount="0" falsecount="5"/>
        <line num="96" count="0" type="stmt"/>
        <line num="102" count="0" type="cond" truecount="0" falsecount="4"/>
        <line num="103" count="0" type="stmt"/>
        <line num="110" count="0" type="cond" truecount="0" falsecount="4"/>
        <line num="111" count="0" type="stmt"/>
        <line num="117" count="0" type="stmt"/>
        <line num="118" count="0" type="stmt"/>
        <line num="122" count="0" type="cond" truecount="0" falsecount="4"/>
        <line num="123" count="0" type="cond" truecount="0" falsecount="2"/>
        <line num="127" count="0" type="stmt"/>
        <line num="133" count="0" type="cond" truecount="0" falsecount="4"/>
        <line num="134" count="0" type="stmt"/>
        <line num="140" count="0" type="stmt"/>
        <line num="141" count="0" type="stmt"/>
        <line num="142" count="0" type="stmt"/>
        <line num="148" count="0" type="stmt"/>
        <line num="150" count="0" type="stmt"/>
        <line num="151" count="0" type="stmt"/>
        <line num="155" count="0" type="stmt"/>
        <line num="157" count="0" type="stmt"/>
        <line num="158" count="0" type="stmt"/>
        <line num="162" count="0" type="stmt"/>
        <line num="164" count="0" type="stmt"/>
        <line num="168" count="0" type="stmt"/>
        <line num="169" count="0" type="stmt"/>
        <line num="171" count="0" type="cond" truecount="0" falsecount="2"/>
        <line num="172" count="0" type="stmt"/>
        <line num="179" count="0" type="cond" truecount="0" falsecount="2"/>
        <line num="180" count="0" type="cond" truecount="0" falsecount="2"/>
        <line num="181" count="0" type="stmt"/>
        <line num="194" count="0" type="stmt"/>
        <line num="200" count="0" type="stmt"/>
        <line num="202" count="0" type="stmt"/>
        <line num="210" count="0" type="stmt"/>
        <line num="211" count="0" type="stmt"/>
        <line num="213" count="0" type="stmt"/>
        <line num="217" count="0" type="stmt"/>
        <line num="218" count="0" type="stmt"/>
        <line num="220" count="0" type="stmt"/>
        <line num="224" count="0" type="stmt"/>
        <line num="225" count="0" type="stmt"/>
        <line num="227" count="0" type="stmt"/>
        <line num="235" count="0" type="stmt"/>
        <line num="244" count="0" type="stmt"/>
        <line num="245" count="0" type="stmt"/>
        <line num="247" count="0" type="cond" truecount="0" falsecount="2"/>
        <line num="248" count="0" type="cond" truecount="0" falsecount="2"/>
        <line num="250" count="0" type="stmt"/>
        <line num="273" count="0" type="cond" truecount="0" falsecount="2"/>
        <line num="274" count="0" type="cond" truecount="0" falsecount="2"/>
        <line num="275" count="0" type="stmt"/>
        <line num="277" count="0" type="stmt"/>
        <line num="371" count="0" type="stmt"/>
      </file>
    </package>
    <package name="MultipleSelect">
      <metrics statements="30" coveredstatements="5" conditionals="31" coveredconditionals="0" methods="12" coveredmethods="1"/>
      <file name="MultipleOption.js" path="/Users/n/Work/eessi-pensjon-ui/src/components/MultipleSelect/MultipleOption.js">
        <metrics statements="5" coveredstatements="5" conditionals="0" coveredconditionals="0" methods="2" coveredmethods="1"/>
        <line num="6" count="1" type="stmt"/>
        <line num="7" count="2" type="stmt"/>
        <line num="8" count="2" type="stmt"/>
        <line num="10" count="2" type="stmt"/>
        <line num="29" count="1" type="stmt"/>
      </file>
      <file name="MultipleSelect.js" path="/Users/n/Work/eessi-pensjon-ui/src/components/MultipleSelect/MultipleSelect.js">
        <metrics statements="23" coveredstatements="0" conditionals="31" coveredconditionals="0" methods="9" coveredmethods="0"/>
        <line num="12" count="0" type="stmt"/>
        <line num="14" count="0" type="stmt"/>
        <line num="28" count="0" type="stmt"/>
        <line num="30" count="0" type="stmt"/>
        <line num="32" count="0" type="stmt"/>
        <line num="33" count="0" type="cond" truecount="0" falsecount="2"/>
        <line num="34" count="0" type="stmt"/>
        <line num="38" count="0" type="stmt"/>
        <line num="39" count="0" type="stmt"/>
        <line num="40" count="0" type="stmt"/>
        <line num="44" count="0" type="stmt"/>
        <line num="45" count="0" type="stmt"/>
        <line num="46" count="0" type="stmt"/>
        <line num="50" count="0" type="stmt"/>
        <line num="51" count="0" type="stmt"/>
        <line num="53" count="0" type="stmt"/>
        <line num="54" count="0" type="stmt"/>
        <line num="63" count="0" type="stmt"/>
        <line num="64" count="0" type="stmt"/>
        <line num="77" count="0" type="cond" truecount="0" falsecount="2"/>
        <line num="78" count="0" type="cond" truecount="0" falsecount="2"/>
        <line num="80" count="0" type="stmt"/>
        <line num="139" count="0" type="stmt"/>
      </file>
      <file name="MultipleValueRemove.js" path="/Users/n/Work/eessi-pensjon-ui/src/components/MultipleSelect/MultipleValueRemove.js">
        <metrics statements="2" coveredstatements="0" conditionals="0" coveredconditionals="0" methods="1" coveredmethods="0"/>
        <line num="4" count="0" type="stmt"/>
        <line num="5" count="0" type="stmt"/>
      </file>
    </package>
    <package name="Psycho">
      <metrics statements="15" coveredstatements="15" conditionals="7" coveredconditionals="7" methods="3" coveredmethods="3"/>
      <file name="Psycho.js" path="/Users/n/Work/eessi-pensjon-ui/src/components/Psycho/Psycho.js">
        <metrics statements="4" coveredstatements="4" conditionals="3" coveredconditionals="3" methods="1" coveredmethods="1"/>
        <line num="6" count="2" type="stmt"/>
        <line num="7" count="3" type="cond" truecount="1" falsecount="0"/>
        <line num="9" count="3" type="stmt"/>
        <line num="18" count="2" type="stmt"/>
      </file>
      <file name="PsychoPanel.js" path="/Users/n/Work/eessi-pensjon-ui/src/components/Psycho/PsychoPanel.js">
        <metrics statements="11" coveredstatements="11" conditionals="4" coveredconditionals="4" methods="2" coveredmethods="2"/>
        <line num="10" count="1" type="stmt"/>
        <line num="11" count="6" type="stmt"/>
        <line num="12" count="6" type="stmt"/>
        <line num="14" count="6" type="stmt"/>
        <line num="15" count="1" type="stmt"/>
        <line num="16" count="1" type="stmt"/>
        <line num="17" count="1" type="stmt"/>
        <line num="20" count="6" type="cond" truecount="2" falsecount="0"/>
        <line num="21" count="1" type="stmt"/>
        <line num="24" count="5" type="stmt"/>
        <line num="43" count="1" type="stmt"/>
      </file>
    </package>
    <package name="RefreshButton">
      <metrics statements="4" coveredstatements="0" conditionals="0" coveredconditionals="0" methods="1" coveredmethods="0"/>
      <file name="RefreshButton.js" path="/Users/n/Work/eessi-pensjon-ui/src/components/RefreshButton/RefreshButton.js">
        <metrics statements="4" coveredstatements="0" conditionals="0" coveredconditionals="0" methods="1" coveredmethods="0"/>
        <line num="8" count="0" type="stmt"/>
        <line num="9" count="0" type="stmt"/>
        <line num="11" count="0" type="stmt"/>
        <line num="22" count="0" type="stmt"/>
      </file>
    </package>
    <package name="WaitingPanel">
      <metrics statements="4" coveredstatements="4" conditionals="0" coveredconditionals="0" methods="1" coveredmethods="1"/>
      <file name="WaitingPanel.js" path="/Users/n/Work/eessi-pensjon-ui/src/components/WaitingPanel/WaitingPanel.js">
        <metrics statements="4" coveredstatements="4" conditionals="0" coveredconditionals="0" methods="1" coveredmethods="1"/>
        <line num="6" count="1" type="stmt"/>
        <line num="7" count="2" type="stmt"/>
        <line num="9" count="2" type="stmt"/>
        <line num="17" count="1" type="stmt"/>
      </file>
    </package>
  </project>
</coverage>
