{"/Users/n/Work/eessi-pensjon-ui/src/components/Alert/Alert.js": {"path":"/Users/n/Work/eessi-pensjon-ui/src/components/Alert/Alert.js","statementMap":{"0":{"start":{"line":8,"column":26},"end":{"line":12,"column":1}},"1":{"start":{"line":14,"column":21},"end":{"line":79,"column":1}},"2":{"start":{"line":15,"column":121},"end":{"line":15,"column":126}},"3":{"start":{"line":17,"column":21},"end":{"line":32,"column":3}},"4":{"start":{"line":18,"column":25},"end":{"line":18,"column":27}},"5":{"start":{"line":19,"column":4},"end":{"line":21,"column":5}},"6":{"start":{"line":20,"column":6},"end":{"line":20,"column":37}},"7":{"start":{"line":22,"column":4},"end":{"line":24,"column":5}},"8":{"start":{"line":23,"column":6},"end":{"line":23,"column":38}},"9":{"start":{"line":25,"column":4},"end":{"line":27,"column":5}},"10":{"start":{"line":26,"column":6},"end":{"line":26,"column":36}},"11":{"start":{"line":28,"column":4},"end":{"line":30,"column":5}},"12":{"start":{"line":29,"column":6},"end":{"line":29,"column":35}},"13":{"start":{"line":31,"column":4},"end":{"line":31,"column":35}},"14":{"start":{"line":34,"column":2},"end":{"line":51,"column":3}},"15":{"start":{"line":35,"column":4},"end":{"line":37,"column":5}},"16":{"start":{"line":36,"column":6},"end":{"line":36,"column":17}},"17":{"start":{"line":39,"column":18},"end":{"line":39,"column":39}},"18":{"start":{"line":40,"column":4},"end":{"line":42,"column":5}},"19":{"start":{"line":41,"column":6},"end":{"line":41,"column":41}},"20":{"start":{"line":43,"column":4},"end":{"line":50,"column":5}},"21":{"start":{"line":53,"column":2},"end":{"line":55,"column":3}},"22":{"start":{"line":54,"column":4},"end":{"line":54,"column":15}},"23":{"start":{"line":57,"column":25},"end":{"line":57,"column":60}},"24":{"start":{"line":60,"column":2},"end":{"line":64,"column":3}},"25":{"start":{"line":61,"column":4},"end":{"line":61,"column":122}},"26":{"start":{"line":63,"column":4},"end":{"line":63,"column":35}},"27":{"start":{"line":66,"column":2},"end":{"line":68,"column":3}},"28":{"start":{"line":67,"column":4},"end":{"line":67,"column":39}},"29":{"start":{"line":70,"column":2},"end":{"line":78,"column":3}},"30":{"start":{"line":81,"column":0},"end":{"line":91,"column":1}}},"fnMap":{"0":{"name":"(anonymous_0)","decl":{"start":{"line":14,"column":21},"end":{"line":14,"column":22}},"loc":{"start":{"line":14,"column":32},"end":{"line":79,"column":1}},"line":14},"1":{"name":"(anonymous_1)","decl":{"start":{"line":17,"column":21},"end":{"line":17,"column":22}},"loc":{"start":{"line":17,"column":32},"end":{"line":32,"column":3}},"line":17}},"branchMap":{"0":{"loc":{"start":{"line":19,"column":4},"end":{"line":21,"column":5}},"type":"if","locations":[{"start":{"line":19,"column":4},"end":{"line":21,"column":5}},{"start":{"line":19,"column":4},"end":{"line":21,"column":5}}],"line":19},"1":{"loc":{"start":{"line":22,"column":4},"end":{"line":24,"column":5}},"type":"if","locations":[{"start":{"line":22,"column":4},"end":{"line":24,"column":5}},{"start":{"line":22,"column":4},"end":{"line":24,"column":5}}],"line":22},"2":{"loc":{"start":{"line":25,"column":4},"end":{"line":27,"column":5}},"type":"if","locations":[{"start":{"line":25,"column":4},"end":{"line":27,"column":5}},{"start":{"line":25,"column":4},"end":{"line":27,"column":5}}],"line":25},"3":{"loc":{"start":{"line":28,"column":4},"end":{"line":30,"column":5}},"type":"if","locations":[{"start":{"line":28,"column":4},"end":{"line":30,"column":5}},{"start":{"line":28,"column":4},"end":{"line":30,"column":5}}],"line":28},"4":{"loc":{"start":{"line":34,"column":2},"end":{"line":51,"column":3}},"type":"if","locations":[{"start":{"line":34,"column":2},"end":{"line":51,"column":3}},{"start":{"line":34,"column":2},"end":{"line":51,"column":3}}],"line":34},"5":{"loc":{"start":{"line":35,"column":4},"end":{"line":37,"column":5}},"type":"if","locations":[{"start":{"line":35,"column":4},"end":{"line":37,"column":5}},{"start":{"line":35,"column":4},"end":{"line":37,"column":5}}],"line":35},"6":{"loc":{"start":{"line":40,"column":4},"end":{"line":42,"column":5}},"type":"if","locations":[{"start":{"line":40,"column":4},"end":{"line":42,"column":5}},{"start":{"line":40,"column":4},"end":{"line":42,"column":5}}],"line":40},"7":{"loc":{"start":{"line":53,"column":2},"end":{"line":55,"column":3}},"type":"if","locations":[{"start":{"line":53,"column":2},"end":{"line":55,"column":3}},{"start":{"line":53,"column":2},"end":{"line":55,"column":3}}],"line":53},"8":{"loc":{"start":{"line":60,"column":2},"end":{"line":64,"column":3}},"type":"if","locations":[{"start":{"line":60,"column":2},"end":{"line":64,"column":3}},{"start":{"line":60,"column":2},"end":{"line":64,"column":3}}],"line":60},"9":{"loc":{"start":{"line":66,"column":2},"end":{"line":68,"column":3}},"type":"if","locations":[{"start":{"line":66,"column":2},"end":{"line":68,"column":3}},{"start":{"line":66,"column":2},"end":{"line":68,"column":3}}],"line":66},"10":{"loc":{"start":{"line":72,"column":69},"end":{"line":72,"column":82}},"type":"binary-expr","locations":[{"start":{"line":72,"column":69},"end":{"line":72,"column":74}},{"start":{"line":72,"column":78},"end":{"line":72,"column":82}}],"line":72}},"s":{"0":1,"1":1,"2":8,"3":8,"4":1,"5":1,"6":1,"7":1,"8":1,"9":1,"10":1,"11":1,"12":1,"13":1,"14":8,"15":3,"16":0,"17":3,"18":3,"19":1,"20":3,"21":5,"22":0,"23":5,"24":5,"25":5,"26":0,"27":5,"28":0,"29":5,"30":1},"f":{"0":8,"1":1},"b":{"0":[1,0],"1":[1,0],"2":[1,0],"3":[1,0],"4":[3,5],"5":[0,3],"6":[1,2],"7":[0,5],"8":[5,0],"9":[0,5],"10":[5,5]},"_coverageSchema":"43e27e138ebf9cfc5966b082cf9a028302ed4184","hash":"c2a8fdfa2fcb6323ee0d38a042af9cc6f519121b"}
,"/Users/n/Work/eessi-pensjon-ui/src/components/Banner/Banner.js": {"path":"/Users/n/Work/eessi-pensjon-ui/src/components/Banner/Banner.js","statementMap":{"0":{"start":{"line":6,"column":15},"end":{"line":26,"column":1}},"1":{"start":{"line":7,"column":44},"end":{"line":7,"column":49}},"2":{"start":{"line":9,"column":2},"end":{"line":25,"column":3}},"3":{"start":{"line":28,"column":0},"end":{"line":32,"column":1}}},"fnMap":{"0":{"name":"(anonymous_0)","decl":{"start":{"line":6,"column":15},"end":{"line":6,"column":16}},"loc":{"start":{"line":6,"column":26},"end":{"line":26,"column":1}},"line":6}},"branchMap":{},"s":{"0":1,"1":3,"2":3,"3":1},"f":{"0":3},"b":{},"_coverageSchema":"43e27e138ebf9cfc5966b082cf9a028302ed4184","hash":"181d19b05a33677c732a6fdfe0ac92c65a2001c3"}
,"/Users/n/Work/eessi-pensjon-ui/src/components/ColorPicker/ColorPicker.js": {"path":"/Users/n/Work/eessi-pensjon-ui/src/components/ColorPicker/ColorPicker.js","statementMap":{"0":{"start":{"line":7,"column":20},"end":{"line":76,"column":1}},"1":{"start":{"line":8,"column":38},"end":{"line":8,"column":43}},"2":{"start":{"line":10,"column":54},"end":{"line":10,"column":69}},"3":{"start":{"line":11,"column":29},"end":{"line":11,"column":71}},"4":{"start":{"line":13,"column":2},"end":{"line":17,"column":21}},"5":{"start":{"line":14,"column":4},"end":{"line":16,"column":5}},"6":{"start":{"line":15,"column":6},"end":{"line":15,"column":21}},"7":{"start":{"line":19,"column":29},"end":{"line":21,"column":3}},"8":{"start":{"line":20,"column":4},"end":{"line":20,"column":46}},"9":{"start":{"line":23,"column":27},"end":{"line":25,"column":3}},"10":{"start":{"line":24,"column":4},"end":{"line":24,"column":32}},"11":{"start":{"line":27,"column":22},"end":{"line":29,"column":3}},"12":{"start":{"line":28,"column":4},"end":{"line":28,"column":19}},"13":{"start":{"line":31,"column":17},"end":{"line":59,"column":4}},"14":{"start":{"line":61,"column":2},"end":{"line":75,"column":3}},"15":{"start":{"line":78,"column":0},"end":{"line":81,"column":1}}},"fnMap":{"0":{"name":"(anonymous_0)","decl":{"start":{"line":7,"column":20},"end":{"line":7,"column":21}},"loc":{"start":{"line":7,"column":31},"end":{"line":76,"column":1}},"line":7},"1":{"name":"(anonymous_1)","decl":{"start":{"line":13,"column":12},"end":{"line":13,"column":13}},"loc":{"start":{"line":13,"column":18},"end":{"line":17,"column":3}},"line":13},"2":{"name":"(anonymous_2)","decl":{"start":{"line":19,"column":29},"end":{"line":19,"column":30}},"loc":{"start":{"line":19,"column":35},"end":{"line":21,"column":3}},"line":19},"3":{"name":"(anonymous_3)","decl":{"start":{"line":23,"column":27},"end":{"line":23,"column":28}},"loc":{"start":{"line":23,"column":33},"end":{"line":25,"column":3}},"line":23},"4":{"name":"(anonymous_4)","decl":{"start":{"line":27,"column":22},"end":{"line":27,"column":23}},"loc":{"start":{"line":27,"column":33},"end":{"line":29,"column":3}},"line":27}},"branchMap":{"0":{"loc":{"start":{"line":14,"column":4},"end":{"line":16,"column":5}},"type":"if","locations":[{"start":{"line":14,"column":4},"end":{"line":16,"column":5}},{"start":{"line":14,"column":4},"end":{"line":16,"column":5}}],"line":14},"1":{"loc":{"start":{"line":66,"column":7},"end":{"line":73,"column":14}},"type":"cond-expr","locations":[{"start":{"line":68,"column":10},"end":{"line":71,"column":16}},{"start":{"line":73,"column":10},"end":{"line":73,"column":14}}],"line":66}},"s":{"0":1,"1":6,"2":6,"3":6,"4":6,"5":2,"6":0,"7":6,"8":3,"9":6,"10":1,"11":6,"12":0,"13":6,"14":6,"15":1},"f":{"0":6,"1":2,"2":3,"3":1,"4":0},"b":{"0":[0,2],"1":[2,4]},"_coverageSchema":"43e27e138ebf9cfc5966b082cf9a028302ed4184","hash":"8a49059e082fa3ee575e6a9eb83b33af4941a98b"}
,"/Users/n/Work/eessi-pensjon-ui/src/components/CountryData/CountryData.js": {"path":"/Users/n/Work/eessi-pensjon-ui/src/components/CountryData/CountryData.js","statementMap":{"0":{"start":{"line":4,"column":14},"end":{"line":2791,"column":3}},"1":{"start":{"line":2793,"column":12},"end":{"line":2795,"column":3}},"2":{"start":{"line":2794,"column":4},"end":{"line":2794,"column":33}},"3":{"start":{"line":2797,"column":16},"end":{"line":2799,"column":3}},"4":{"start":{"line":2798,"column":4},"end":{"line":2798,"column":59}},"5":{"start":{"line":2801,"column":17},"end":{"line":2803,"column":3}},"6":{"start":{"line":2802,"column":4},"end":{"line":2802,"column":60}},"7":{"start":{"line":2805,"column":25},"end":{"line":2809,"column":3}},"8":{"start":{"line":2806,"column":4},"end":{"line":2808,"column":6}},"9":{"start":{"line":2807,"column":6},"end":{"line":2807,"column":43}},"10":{"start":{"line":2812,"column":20},"end":{"line":2812,"column":37}},"11":{"start":{"line":2813,"column":0},"end":{"line":2813,"column":26}}},"fnMap":{"0":{"name":"(anonymous_0)","decl":{"start":{"line":2793,"column":12},"end":{"line":2793,"column":13}},"loc":{"start":{"line":2793,"column":24},"end":{"line":2795,"column":3}},"line":2793},"1":{"name":"(anonymous_1)","decl":{"start":{"line":2797,"column":16},"end":{"line":2797,"column":17}},"loc":{"start":{"line":2797,"column":35},"end":{"line":2799,"column":3}},"line":2797},"2":{"name":"(anonymous_2)","decl":{"start":{"line":2801,"column":17},"end":{"line":2801,"column":18}},"loc":{"start":{"line":2801,"column":36},"end":{"line":2803,"column":3}},"line":2801},"3":{"name":"(anonymous_3)","decl":{"start":{"line":2805,"column":25},"end":{"line":2805,"column":26}},"loc":{"start":{"line":2805,"column":46},"end":{"line":2809,"column":3}},"line":2805},"4":{"name":"(anonymous_4)","decl":{"start":{"line":2806,"column":44},"end":{"line":2806,"column":45}},"loc":{"start":{"line":2806,"column":50},"end":{"line":2808,"column":5}},"line":2806}},"branchMap":{},"s":{"0":4,"1":4,"2":7,"3":4,"4":10,"5":4,"6":1,"7":4,"8":1,"9":251,"10":4,"11":4},"f":{"0":7,"1":10,"2":1,"3":1,"4":251},"b":{},"_coverageSchema":"43e27e138ebf9cfc5966b082cf9a028302ed4184","hash":"495e70c360976b9d94ddd428759eee42c463955d"}
,"/Users/n/Work/eessi-pensjon-ui/src/components/CountrySelect/CountryErrorStyle.js": {"path":"/Users/n/Work/eessi-pensjon-ui/src/components/CountrySelect/CountryErrorStyle.js","statementMap":{"0":{"start":{"line":1,"column":26},"end":{"line":26,"column":1}},"1":{"start":{"line":2,"column":2},"end":{"line":25,"column":3}},"2":{"start":{"line":4,"column":37},"end":{"line":4,"column":43}},"3":{"start":{"line":5,"column":6},"end":{"line":11,"column":7}},"4":{"start":{"line":14,"column":37},"end":{"line":14,"column":43}},"5":{"start":{"line":15,"column":6},"end":{"line":23,"column":7}}},"fnMap":{"0":{"name":"(anonymous_0)","decl":{"start":{"line":1,"column":26},"end":{"line":1,"column":27}},"loc":{"start":{"line":1,"column":37},"end":{"line":26,"column":1}},"line":1},"1":{"name":"(anonymous_1)","decl":{"start":{"line":3,"column":15},"end":{"line":3,"column":16}},"loc":{"start":{"line":3,"column":34},"end":{"line":12,"column":5}},"line":3},"2":{"name":"(anonymous_2)","decl":{"start":{"line":13,"column":13},"end":{"line":13,"column":14}},"loc":{"start":{"line":13,"column":32},"end":{"line":24,"column":5}},"line":13}},"branchMap":{"0":{"loc":{"start":{"line":7,"column":25},"end":{"line":7,"column":51}},"type":"cond-expr","locations":[{"start":{"line":7,"column":33},"end":{"line":7,"column":42}},{"start":{"line":7,"column":45},"end":{"line":7,"column":51}}],"line":7},"1":{"loc":{"start":{"line":9,"column":21},"end":{"line":9,"column":72}},"type":"cond-expr","locations":[{"start":{"line":9,"column":29},"end":{"line":9,"column":49}},{"start":{"line":9,"column":52},"end":{"line":9,"column":72}}],"line":9},"2":{"loc":{"start":{"line":10,"column":19},"end":{"line":10,"column":61}},"type":"cond-expr","locations":[{"start":{"line":10,"column":37},"end":{"line":10,"column":56}},{"start":{"line":10,"column":59},"end":{"line":10,"column":61}}],"line":10},"3":{"loc":{"start":{"line":17,"column":21},"end":{"line":17,"column":50}},"type":"cond-expr","locations":[{"start":{"line":17,"column":29},"end":{"line":17,"column":38}},{"start":{"line":17,"column":41},"end":{"line":17,"column":50}}],"line":17},"4":{"loc":{"start":{"line":18,"column":25},"end":{"line":18,"column":51}},"type":"cond-expr","locations":[{"start":{"line":18,"column":33},"end":{"line":18,"column":42}},{"start":{"line":18,"column":45},"end":{"line":18,"column":51}}],"line":18}},"s":{"0":1,"1":3,"2":9,"3":9,"4":9,"5":9},"f":{"0":3,"1":9,"2":9},"b":{"0":[0,9],"1":[0,9],"2":[0,9],"3":[0,9],"4":[0,9]},"_coverageSchema":"43e27e138ebf9cfc5966b082cf9a028302ed4184","hash":"d15250e27a6087d31ea83880514ea82be5fe69c7"}
,"/Users/n/Work/eessi-pensjon-ui/src/components/CountrySelect/CountryFilter.js": {"path":"/Users/n/Work/eessi-pensjon-ui/src/components/CountrySelect/CountryFilter.js","statementMap":{"0":{"start":{"line":1,"column":19},"end":{"line":3,"column":73}},"1":{"start":{"line":5,"column":18},"end":{"line":5,"column":24}}},"fnMap":{},"branchMap":{},"s":{"0":1,"1":1},"f":{},"b":{},"_coverageSchema":"43e27e138ebf9cfc5966b082cf9a028302ed4184","hash":"16ebfb1cc78c5a6a715a1cc88f9f9c2cbc2e29ec"}
,"/Users/n/Work/eessi-pensjon-ui/src/components/CountrySelect/CountryOption.js": {"path":"/Users/n/Work/eessi-pensjon-ui/src/components/CountrySelect/CountryOption.js","statementMap":{"0":{"start":{"line":6,"column":22},"end":{"line":31,"column":1}},"1":{"start":{"line":7,"column":81},"end":{"line":7,"column":86}},"2":{"start":{"line":8,"column":23},"end":{"line":8,"column":77}},"3":{"start":{"line":9,"column":16},"end":{"line":9,"column":57}},"4":{"start":{"line":10,"column":17},"end":{"line":10,"column":112}},"5":{"start":{"line":11,"column":27},"end":{"line":11,"column":63}},"6":{"start":{"line":12,"column":2},"end":{"line":30,"column":3}},"7":{"start":{"line":33,"column":0},"end":{"line":41,"column":1}}},"fnMap":{"0":{"name":"(anonymous_0)","decl":{"start":{"line":6,"column":22},"end":{"line":6,"column":23}},"loc":{"start":{"line":6,"column":33},"end":{"line":31,"column":1}},"line":6}},"branchMap":{"0":{"loc":{"start":{"line":9,"column":16},"end":{"line":9,"column":57}},"type":"binary-expr","locations":[{"start":{"line":9,"column":16},"end":{"line":9,"column":44}},{"start":{"line":9,"column":48},"end":{"line":9,"column":57}}],"line":9},"1":{"loc":{"start":{"line":10,"column":17},"end":{"line":10,"column":112}},"type":"cond-expr","locations":[{"start":{"line":10,"column":39},"end":{"line":10,"column":44}},{"start":{"line":10,"column":47},"end":{"line":10,"column":112}}],"line":10},"2":{"loc":{"start":{"line":10,"column":48},"end":{"line":10,"column":90}},"type":"cond-expr","locations":[{"start":{"line":10,"column":64},"end":{"line":10,"column":85}},{"start":{"line":10,"column":88},"end":{"line":10,"column":90}}],"line":10}},"s":{"0":2,"1":606,"2":606,"3":606,"4":606,"5":606,"6":606,"7":2},"f":{"0":606},"b":{"0":[606,104],"1":[355,251],"2":[249,2]},"_coverageSchema":"43e27e138ebf9cfc5966b082cf9a028302ed4184","hash":"a17874bf119f64501b56f52f5c488e4358ea2005"}
,"/Users/n/Work/eessi-pensjon-ui/src/components/CountrySelect/CountrySelect.js": {"path":"/Users/n/Work/eessi-pensjon-ui/src/components/CountrySelect/CountrySelect.js","statementMap":{"0":{"start":{"line":13,"column":22},"end":{"line":76,"column":1}},"1":{"start":{"line":14,"column":82},"end":{"line":14,"column":87}},"2":{"start":{"line":15,"column":83},"end":{"line":15,"column":88}},"3":{"start":{"line":17,"column":18},"end":{"line":21,"column":3}},"4":{"start":{"line":18,"column":4},"end":{"line":20,"column":6}},"5":{"start":{"line":19,"column":6},"end":{"line":19,"column":58}},"6":{"start":{"line":23,"column":18},"end":{"line":27,"column":3}},"7":{"start":{"line":24,"column":4},"end":{"line":26,"column":6}},"8":{"start":{"line":25,"column":6},"end":{"line":25,"column":57}},"9":{"start":{"line":29,"column":21},"end":{"line":29,"column":48}},"10":{"start":{"line":30,"column":17},"end":{"line":30,"column":76}},"11":{"start":{"line":31,"column":2},"end":{"line":31,"column":67}},"12":{"start":{"line":33,"column":17},"end":{"line":33,"column":22}},"13":{"start":{"line":34,"column":2},"end":{"line":36,"column":3}},"14":{"start":{"line":35,"column":4},"end":{"line":35,"column":85}},"15":{"start":{"line":38,"column":2},"end":{"line":75,"column":3}},"16":{"start":{"line":78,"column":0},"end":{"line":92,"column":1}}},"fnMap":{"0":{"name":"(anonymous_0)","decl":{"start":{"line":13,"column":22},"end":{"line":13,"column":23}},"loc":{"start":{"line":13,"column":33},"end":{"line":76,"column":1}},"line":13},"1":{"name":"(anonymous_1)","decl":{"start":{"line":17,"column":18},"end":{"line":17,"column":19}},"loc":{"start":{"line":17,"column":55},"end":{"line":21,"column":3}},"line":17},"2":{"name":"(anonymous_2)","decl":{"start":{"line":18,"column":34},"end":{"line":18,"column":35}},"loc":{"start":{"line":18,"column":45},"end":{"line":20,"column":5}},"line":18},"3":{"name":"(anonymous_3)","decl":{"start":{"line":23,"column":18},"end":{"line":23,"column":19}},"loc":{"start":{"line":23,"column":55},"end":{"line":27,"column":3}},"line":23},"4":{"name":"(anonymous_4)","decl":{"start":{"line":24,"column":34},"end":{"line":24,"column":35}},"loc":{"start":{"line":24,"column":45},"end":{"line":26,"column":5}},"line":24}},"branchMap":{"0":{"loc":{"start":{"line":14,"column":33},"end":{"line":14,"column":46}},"type":"default-arg","locations":[{"start":{"line":14,"column":41},"end":{"line":14,"column":46}}],"line":14},"1":{"loc":{"start":{"line":15,"column":60},"end":{"line":15,"column":71}},"type":"default-arg","locations":[{"start":{"line":15,"column":69},"end":{"line":15,"column":71}}],"line":15},"2":{"loc":{"start":{"line":30,"column":17},"end":{"line":30,"column":76}},"type":"cond-expr","locations":[{"start":{"line":30,"column":31},"end":{"line":30,"column":63}},{"start":{"line":30,"column":66},"end":{"line":30,"column":76}}],"line":30},"3":{"loc":{"start":{"line":31,"column":13},"end":{"line":31,"column":66}},"type":"cond-expr","locations":[{"start":{"line":31,"column":27},"end":{"line":31,"column":56}},{"start":{"line":31,"column":59},"end":{"line":31,"column":66}}],"line":31},"4":{"loc":{"start":{"line":34,"column":2},"end":{"line":36,"column":3}},"type":"if","locations":[{"start":{"line":34,"column":2},"end":{"line":36,"column":3}},{"start":{"line":34,"column":2},"end":{"line":36,"column":3}}],"line":34},"5":{"loc":{"start":{"line":34,"column":6},"end":{"line":34,"column":33}},"type":"binary-expr","locations":[{"start":{"line":34,"column":6},"end":{"line":34,"column":14}},{"start":{"line":34,"column":18},"end":{"line":34,"column":33}}],"line":34},"6":{"loc":{"start":{"line":35,"column":40},"end":{"line":35,"column":82}},"type":"cond-expr","locations":[{"start":{"line":35,"column":57},"end":{"line":35,"column":71}},{"start":{"line":35,"column":74},"end":{"line":35,"column":82}}],"line":35},"7":{"loc":{"start":{"line":45,"column":15},"end":{"line":45,"column":31}},"type":"binary-expr","locations":[{"start":{"line":45,"column":15},"end":{"line":45,"column":23}},{"start":{"line":45,"column":27},"end":{"line":45,"column":31}}],"line":45},"8":{"loc":{"start":{"line":47,"column":12},"end":{"line":47,"column":38}},"type":"cond-expr","locations":[{"start":{"line":47,"column":17},"end":{"line":47,"column":31}},{"start":{"line":47,"column":34},"end":{"line":47,"column":38}}],"line":47},"9":{"loc":{"start":{"line":67,"column":7},"end":{"line":73,"column":14}},"type":"cond-expr","locations":[{"start":{"line":69,"column":10},"end":{"line":71,"column":16}},{"start":{"line":73,"column":10},"end":{"line":73,"column":14}}],"line":67}},"s":{"0":1,"1":3,"2":3,"3":3,"4":3,"5":5020,"6":3,"7":0,"8":0,"9":3,"10":3,"11":3,"12":3,"13":3,"14":0,"15":3,"16":1},"f":{"0":3,"1":3,"2":5020,"3":0,"4":0},"b":{"0":[3],"1":[3],"2":[3,0],"3":[0,3],"4":[0,3],"5":[3,3],"6":[0,0],"7":[3,0],"8":[3,0],"9":[0,3]},"_coverageSchema":"43e27e138ebf9cfc5966b082cf9a028302ed4184","hash":"c652deb64629771fe3e5eef2bb39fc64908d48fa"}
,"/Users/n/Work/eessi-pensjon-ui/src/components/CountrySelect/CountryValue.js": {"path":"/Users/n/Work/eessi-pensjon-ui/src/components/CountrySelect/CountryValue.js","statementMap":{"0":{"start":{"line":4,"column":21},"end":{"line":16,"column":1}},"1":{"start":{"line":5,"column":44},"end":{"line":5,"column":49}},"2":{"start":{"line":6,"column":23},"end":{"line":6,"column":82}},"3":{"start":{"line":7,"column":16},"end":{"line":7,"column":57}},"4":{"start":{"line":8,"column":17},"end":{"line":8,"column":117}},"5":{"start":{"line":10,"column":2},"end":{"line":15,"column":3}},"6":{"start":{"line":18,"column":0},"end":{"line":22,"column":1}}},"fnMap":{"0":{"name":"(anonymous_0)","decl":{"start":{"line":4,"column":21},"end":{"line":4,"column":22}},"loc":{"start":{"line":4,"column":32},"end":{"line":16,"column":1}},"line":4}},"branchMap":{"0":{"loc":{"start":{"line":7,"column":16},"end":{"line":7,"column":57}},"type":"binary-expr","locations":[{"start":{"line":7,"column":16},"end":{"line":7,"column":44}},{"start":{"line":7,"column":48},"end":{"line":7,"column":57}}],"line":7},"1":{"loc":{"start":{"line":8,"column":17},"end":{"line":8,"column":117}},"type":"cond-expr","locations":[{"start":{"line":8,"column":39},"end":{"line":8,"column":49}},{"start":{"line":8,"column":52},"end":{"line":8,"column":117}}],"line":8},"2":{"loc":{"start":{"line":8,"column":53},"end":{"line":8,"column":95}},"type":"cond-expr","locations":[{"start":{"line":8,"column":69},"end":{"line":8,"column":90}},{"start":{"line":8,"column":93},"end":{"line":8,"column":95}}],"line":8}},"s":{"0":2,"1":12,"2":12,"3":12,"4":12,"5":12,"6":2},"f":{"0":12},"b":{"0":[12,9],"1":[11,1],"2":[1,0]},"_coverageSchema":"43e27e138ebf9cfc5966b082cf9a028302ed4184","hash":"3bb40482d3d543e8c2c2b7df3c6798376d6332bb"}
,"/Users/n/Work/eessi-pensjon-ui/src/components/DatePicker/DatePicker.js": {"path":"/Users/n/Work/eessi-pensjon-ui/src/components/DatePicker/DatePicker.js","statementMap":{"0":{"start":{"line":9,"column":19},"end":{"line":150,"column":1}},"1":{"start":{"line":10,"column":120},"end":{"line":10,"column":125}},"2":{"start":{"line":11,"column":30},"end":{"line":11,"column":53}},"3":{"start":{"line":12,"column":30},"end":{"line":12,"column":42}},"4":{"start":{"line":14,"column":20},"end":{"line":19,"column":3}},"5":{"start":{"line":15,"column":19},"end":{"line":15,"column":31}},"6":{"start":{"line":16,"column":4},"end":{"line":18,"column":5}},"7":{"start":{"line":17,"column":6},"end":{"line":17,"column":49}},"8":{"start":{"line":21,"column":21},"end":{"line":35,"column":3}},"9":{"start":{"line":22,"column":16},"end":{"line":22,"column":24}},"10":{"start":{"line":23,"column":23},"end":{"line":23,"column":51}},"11":{"start":{"line":24,"column":22},"end":{"line":24,"column":45}},"12":{"start":{"line":25,"column":4},"end":{"line":27,"column":5}},"13":{"start":{"line":26,"column":6},"end":{"line":26,"column":22}},"14":{"start":{"line":28,"column":4},"end":{"line":30,"column":5}},"15":{"start":{"line":29,"column":6},"end":{"line":29,"column":21}},"16":{"start":{"line":31,"column":4},"end":{"line":33,"column":5}},"17":{"start":{"line":32,"column":6},"end":{"line":32,"column":26}},"18":{"start":{"line":34,"column":4},"end":{"line":34,"column":20}},"19":{"start":{"line":37,"column":23},"end":{"line":46,"column":3}},"20":{"start":{"line":38,"column":4},"end":{"line":40,"column":5}},"21":{"start":{"line":39,"column":6},"end":{"line":39,"column":22}},"22":{"start":{"line":41,"column":25},"end":{"line":41,"column":49}},"23":{"start":{"line":42,"column":4},"end":{"line":44,"column":5}},"24":{"start":{"line":43,"column":6},"end":{"line":43,"column":28}},"25":{"start":{"line":45,"column":4},"end":{"line":45,"column":20}},"26":{"start":{"line":48,"column":22},"end":{"line":57,"column":3}},"27":{"start":{"line":49,"column":4},"end":{"line":51,"column":5}},"28":{"start":{"line":50,"column":6},"end":{"line":50,"column":22}},"29":{"start":{"line":52,"column":24},"end":{"line":52,"column":47}},"30":{"start":{"line":53,"column":4},"end":{"line":55,"column":5}},"31":{"start":{"line":54,"column":6},"end":{"line":54,"column":27}},"32":{"start":{"line":56,"column":4},"end":{"line":56,"column":20}},"33":{"start":{"line":59,"column":24},"end":{"line":66,"column":3}},"34":{"start":{"line":60,"column":4},"end":{"line":65,"column":5}},"35":{"start":{"line":68,"column":21},"end":{"line":82,"column":3}},"36":{"start":{"line":69,"column":18},"end":{"line":69,"column":36}},"37":{"start":{"line":72,"column":4},"end":{"line":78,"column":5}},"38":{"start":{"line":73,"column":24},"end":{"line":73,"column":49}},"39":{"start":{"line":74,"column":6},"end":{"line":74,"column":27}},"40":{"start":{"line":75,"column":6},"end":{"line":75,"column":44}},"41":{"start":{"line":77,"column":6},"end":{"line":77,"column":59}},"42":{"start":{"line":79,"column":4},"end":{"line":79,"column":22}},"43":{"start":{"line":80,"column":4},"end":{"line":80,"column":37}},"44":{"start":{"line":81,"column":4},"end":{"line":81,"column":21}},"45":{"start":{"line":84,"column":29},"end":{"line":84,"column":55}},"46":{"start":{"line":84,"column":38},"end":{"line":84,"column":53}},"47":{"start":{"line":85,"column":31},"end":{"line":85,"column":57}},"48":{"start":{"line":85,"column":40},"end":{"line":85,"column":55}},"49":{"start":{"line":86,"column":30},"end":{"line":86,"column":56}},"50":{"start":{"line":86,"column":39},"end":{"line":86,"column":54}},"51":{"start":{"line":87,"column":26},"end":{"line":87,"column":57}},"52":{"start":{"line":87,"column":35},"end":{"line":87,"column":55}},"53":{"start":{"line":88,"column":28},"end":{"line":88,"column":61}},"54":{"start":{"line":88,"column":37},"end":{"line":88,"column":59}},"55":{"start":{"line":89,"column":27},"end":{"line":89,"column":59}},"56":{"start":{"line":89,"column":36},"end":{"line":89,"column":57}},"57":{"start":{"line":91,"column":2},"end":{"line":149,"column":3}},"58":{"start":{"line":152,"column":0},"end":{"line":161,"column":1}}},"fnMap":{"0":{"name":"(anonymous_0)","decl":{"start":{"line":9,"column":19},"end":{"line":9,"column":20}},"loc":{"start":{"line":9,"column":30},"end":{"line":150,"column":1}},"line":9},"1":{"name":"(anonymous_1)","decl":{"start":{"line":14,"column":20},"end":{"line":14,"column":21}},"loc":{"start":{"line":14,"column":38},"end":{"line":19,"column":3}},"line":14},"2":{"name":"(anonymous_2)","decl":{"start":{"line":21,"column":21},"end":{"line":21,"column":22}},"loc":{"start":{"line":21,"column":31},"end":{"line":35,"column":3}},"line":21},"3":{"name":"(anonymous_3)","decl":{"start":{"line":37,"column":23},"end":{"line":37,"column":24}},"loc":{"start":{"line":37,"column":33},"end":{"line":46,"column":3}},"line":37},"4":{"name":"(anonymous_4)","decl":{"start":{"line":48,"column":22},"end":{"line":48,"column":23}},"loc":{"start":{"line":48,"column":32},"end":{"line":57,"column":3}},"line":48},"5":{"name":"(anonymous_5)","decl":{"start":{"line":59,"column":24},"end":{"line":59,"column":25}},"loc":{"start":{"line":59,"column":37},"end":{"line":66,"column":3}},"line":59},"6":{"name":"(anonymous_6)","decl":{"start":{"line":68,"column":21},"end":{"line":68,"column":22}},"loc":{"start":{"line":68,"column":37},"end":{"line":82,"column":3}},"line":68},"7":{"name":"(anonymous_7)","decl":{"start":{"line":84,"column":29},"end":{"line":84,"column":30}},"loc":{"start":{"line":84,"column":36},"end":{"line":84,"column":55}},"line":84},"8":{"name":"(anonymous_8)","decl":{"start":{"line":85,"column":31},"end":{"line":85,"column":32}},"loc":{"start":{"line":85,"column":38},"end":{"line":85,"column":57}},"line":85},"9":{"name":"(anonymous_9)","decl":{"start":{"line":86,"column":30},"end":{"line":86,"column":31}},"loc":{"start":{"line":86,"column":37},"end":{"line":86,"column":56}},"line":86},"10":{"name":"(anonymous_10)","decl":{"start":{"line":87,"column":26},"end":{"line":87,"column":27}},"loc":{"start":{"line":87,"column":33},"end":{"line":87,"column":57}},"line":87},"11":{"name":"(anonymous_11)","decl":{"start":{"line":88,"column":28},"end":{"line":88,"column":29}},"loc":{"start":{"line":88,"column":35},"end":{"line":88,"column":61}},"line":88},"12":{"name":"(anonymous_12)","decl":{"start":{"line":89,"column":27},"end":{"line":89,"column":28}},"loc":{"start":{"line":89,"column":34},"end":{"line":89,"column":59}},"line":89}},"branchMap":{"0":{"loc":{"start":{"line":10,"column":21},"end":{"line":10,"column":37}},"type":"default-arg","locations":[{"start":{"line":10,"column":32},"end":{"line":10,"column":37}}],"line":10},"1":{"loc":{"start":{"line":10,"column":45},"end":{"line":10,"column":56}},"type":"default-arg","locations":[{"start":{"line":10,"column":54},"end":{"line":10,"column":56}}],"line":10},"2":{"loc":{"start":{"line":10,"column":58},"end":{"line":10,"column":66}},"type":"default-arg","locations":[{"start":{"line":10,"column":64},"end":{"line":10,"column":66}}],"line":10},"3":{"loc":{"start":{"line":10,"column":78},"end":{"line":10,"column":95}},"type":"default-arg","locations":[{"start":{"line":10,"column":93},"end":{"line":10,"column":95}}],"line":10},"4":{"loc":{"start":{"line":10,"column":97},"end":{"line":10,"column":115}},"type":"default-arg","locations":[{"start":{"line":10,"column":113},"end":{"line":10,"column":115}}],"line":10},"5":{"loc":{"start":{"line":16,"column":4},"end":{"line":18,"column":5}},"type":"if","locations":[{"start":{"line":16,"column":4},"end":{"line":18,"column":5}},{"start":{"line":16,"column":4},"end":{"line":18,"column":5}}],"line":16},"6":{"loc":{"start":{"line":25,"column":4},"end":{"line":27,"column":5}},"type":"if","locations":[{"start":{"line":25,"column":4},"end":{"line":27,"column":5}},{"start":{"line":25,"column":4},"end":{"line":27,"column":5}}],"line":25},"7":{"loc":{"start":{"line":25,"column":8},"end":{"line":25,"column":68}},"type":"binary-expr","locations":[{"start":{"line":25,"column":8},"end":{"line":25,"column":27}},{"start":{"line":25,"column":31},"end":{"line":25,"column":47}},{"start":{"line":25,"column":51},"end":{"line":25,"column":68}}],"line":25},"8":{"loc":{"start":{"line":28,"column":4},"end":{"line":30,"column":5}},"type":"if","locations":[{"start":{"line":28,"column":4},"end":{"line":30,"column":5}},{"start":{"line":28,"column":4},"end":{"line":30,"column":5}}],"line":28},"9":{"loc":{"start":{"line":31,"column":4},"end":{"line":33,"column":5}},"type":"if","locations":[{"start":{"line":31,"column":4},"end":{"line":33,"column":5}},{"start":{"line":31,"column":4},"end":{"line":33,"column":5}}],"line":31},"10":{"loc":{"start":{"line":31,"column":25},"end":{"line":31,"column":41}},"type":"binary-expr","locations":[{"start":{"line":31,"column":25},"end":{"line":31,"column":36}},{"start":{"line":31,"column":40},"end":{"line":31,"column":41}}],"line":31},"11":{"loc":{"start":{"line":31,"column":52},"end":{"line":31,"column":69}},"type":"binary-expr","locations":[{"start":{"line":31,"column":52},"end":{"line":31,"column":64}},{"start":{"line":31,"column":68},"end":{"line":31,"column":69}}],"line":31},"12":{"loc":{"start":{"line":38,"column":4},"end":{"line":40,"column":5}},"type":"if","locations":[{"start":{"line":38,"column":4},"end":{"line":40,"column":5}},{"start":{"line":38,"column":4},"end":{"line":40,"column":5}}],"line":38},"13":{"loc":{"start":{"line":42,"column":4},"end":{"line":44,"column":5}},"type":"if","locations":[{"start":{"line":42,"column":4},"end":{"line":44,"column":5}},{"start":{"line":42,"column":4},"end":{"line":44,"column":5}}],"line":42},"14":{"loc":{"start":{"line":42,"column":8},"end":{"line":42,"column":68}},"type":"binary-expr","locations":[{"start":{"line":42,"column":8},"end":{"line":42,"column":27}},{"start":{"line":42,"column":31},"end":{"line":42,"column":47}},{"start":{"line":42,"column":51},"end":{"line":42,"column":68}}],"line":42},"15":{"loc":{"start":{"line":49,"column":4},"end":{"line":51,"column":5}},"type":"if","locations":[{"start":{"line":49,"column":4},"end":{"line":51,"column":5}},{"start":{"line":49,"column":4},"end":{"line":51,"column":5}}],"line":49},"16":{"loc":{"start":{"line":53,"column":4},"end":{"line":55,"column":5}},"type":"if","locations":[{"start":{"line":53,"column":4},"end":{"line":55,"column":5}},{"start":{"line":53,"column":4},"end":{"line":55,"column":5}}],"line":53},"17":{"loc":{"start":{"line":72,"column":4},"end":{"line":78,"column":5}},"type":"if","locations":[{"start":{"line":72,"column":4},"end":{"line":78,"column":5}},{"start":{"line":72,"column":4},"end":{"line":78,"column":5}}],"line":72},"18":{"loc":{"start":{"line":97,"column":19},"end":{"line":97,"column":38}},"type":"binary-expr","locations":[{"start":{"line":97,"column":19},"end":{"line":97,"column":29}},{"start":{"line":97,"column":33},"end":{"line":97,"column":38}}],"line":97},"19":{"loc":{"start":{"line":98,"column":16},"end":{"line":98,"column":29}},"type":"binary-expr","locations":[{"start":{"line":98,"column":16},"end":{"line":98,"column":23}},{"start":{"line":98,"column":27},"end":{"line":98,"column":29}}],"line":98},"20":{"loc":{"start":{"line":104,"column":19},"end":{"line":104,"column":63}},"type":"cond-expr","locations":[{"start":{"line":104,"column":48},"end":{"line":104,"column":58}},{"start":{"line":104,"column":61},"end":{"line":104,"column":63}}],"line":104},"21":{"loc":{"start":{"line":107,"column":18},"end":{"line":107,"column":67}},"type":"cond-expr","locations":[{"start":{"line":107,"column":41},"end":{"line":107,"column":60}},{"start":{"line":107,"column":63},"end":{"line":107,"column":67}}],"line":107},"22":{"loc":{"start":{"line":107,"column":19},"end":{"line":107,"column":37}},"type":"binary-expr","locations":[{"start":{"line":107,"column":19},"end":{"line":107,"column":29}},{"start":{"line":107,"column":33},"end":{"line":107,"column":37}}],"line":107},"23":{"loc":{"start":{"line":113,"column":19},"end":{"line":113,"column":42}},"type":"binary-expr","locations":[{"start":{"line":113,"column":19},"end":{"line":113,"column":31}},{"start":{"line":113,"column":35},"end":{"line":113,"column":42}}],"line":113},"24":{"loc":{"start":{"line":114,"column":16},"end":{"line":114,"column":31}},"type":"binary-expr","locations":[{"start":{"line":114,"column":16},"end":{"line":114,"column":25}},{"start":{"line":114,"column":29},"end":{"line":114,"column":31}}],"line":114},"25":{"loc":{"start":{"line":120,"column":19},"end":{"line":120,"column":65}},"type":"cond-expr","locations":[{"start":{"line":120,"column":48},"end":{"line":120,"column":60}},{"start":{"line":120,"column":63},"end":{"line":120,"column":65}}],"line":120},"26":{"loc":{"start":{"line":123,"column":18},"end":{"line":123,"column":67}},"type":"cond-expr","locations":[{"start":{"line":123,"column":41},"end":{"line":123,"column":60}},{"start":{"line":123,"column":63},"end":{"line":123,"column":67}}],"line":123},"27":{"loc":{"start":{"line":123,"column":18},"end":{"line":123,"column":38}},"type":"binary-expr","locations":[{"start":{"line":123,"column":18},"end":{"line":123,"column":30}},{"start":{"line":123,"column":34},"end":{"line":123,"column":38}}],"line":123},"28":{"loc":{"start":{"line":129,"column":19},"end":{"line":129,"column":38}},"type":"binary-expr","locations":[{"start":{"line":129,"column":19},"end":{"line":129,"column":30}},{"start":{"line":129,"column":34},"end":{"line":129,"column":38}}],"line":129},"29":{"loc":{"start":{"line":130,"column":16},"end":{"line":130,"column":30}},"type":"binary-expr","locations":[{"start":{"line":130,"column":16},"end":{"line":130,"column":24}},{"start":{"line":130,"column":28},"end":{"line":130,"column":30}}],"line":130},"30":{"loc":{"start":{"line":135,"column":19},"end":{"line":135,"column":63}},"type":"cond-expr","locations":[{"start":{"line":135,"column":47},"end":{"line":135,"column":58}},{"start":{"line":135,"column":61},"end":{"line":135,"column":63}}],"line":135},"31":{"loc":{"start":{"line":138,"column":18},"end":{"line":138,"column":66}},"type":"cond-expr","locations":[{"start":{"line":138,"column":40},"end":{"line":138,"column":59}},{"start":{"line":138,"column":62},"end":{"line":138,"column":66}}],"line":138},"32":{"loc":{"start":{"line":138,"column":18},"end":{"line":138,"column":37}},"type":"binary-expr","locations":[{"start":{"line":138,"column":18},"end":{"line":138,"column":29}},{"start":{"line":138,"column":33},"end":{"line":138,"column":37}}],"line":138},"33":{"loc":{"start":{"line":142,"column":7},"end":{"line":147,"column":14}},"type":"cond-expr","locations":[{"start":{"line":143,"column":8},"end":{"line":145,"column":14}},{"start":{"line":147,"column":10},"end":{"line":147,"column":14}}],"line":142}},"s":{"0":1,"1":34,"2":34,"3":34,"4":34,"5":0,"6":0,"7":0,"8":34,"9":27,"10":27,"11":27,"12":27,"13":17,"14":27,"15":20,"16":27,"17":10,"18":17,"19":34,"20":27,"21":11,"22":16,"23":16,"24":6,"25":10,"26":34,"27":27,"28":18,"29":9,"30":9,"31":2,"32":7,"33":34,"34":27,"35":34,"36":27,"37":27,"38":0,"39":0,"40":0,"41":27,"42":27,"43":27,"44":27,"45":34,"46":0,"47":34,"48":0,"49":34,"50":0,"51":34,"52":9,"53":34,"54":10,"55":34,"56":8,"57":34,"58":1},"f":{"0":34,"1":0,"2":27,"3":27,"4":27,"5":27,"6":27,"7":0,"8":0,"9":0,"10":9,"11":10,"12":8},"b":{"0":[34],"1":[34],"2":[0],"3":[34],"4":[34],"5":[0,0],"6":[17,10],"7":[27,13,11],"8":[20,7],"9":[10,17],"10":[27,21],"11":[27,18],"12":[11,16],"13":[6,10],"14":[16,13,11],"15":[18,9],"16":[2,7],"17":[0,27],"18":[34,34],"19":[34,0],"20":[17,17],"21":[11,23],"22":[34,24],"23":[34,34],"24":[34,0],"25":[16,18],"26":[7,27],"27":[34,28],"28":[34,34],"29":[34,0],"30":[9,25],"31":[3,31],"32":[34,32],"33":[1,33]},"_coverageSchema":"43e27e138ebf9cfc5966b082cf9a028302ed4184","hash":"6e132d277568497c00c815eed76444ad7044a617"}
,"/Users/n/Work/eessi-pensjon-ui/src/components/File/File.js": {"path":"/Users/n/Work/eessi-pensjon-ui/src/components/File/File.js","statementMap":{"0":{"start":{"line":9,"column":14},"end":{"line":9,"column":41}},"1":{"start":{"line":11,"column":20},"end":{"line":20,"column":1}},"2":{"start":{"line":12,"column":2},"end":{"line":14,"column":3}},"3":{"start":{"line":13,"column":4},"end":{"line":13,"column":14}},"4":{"start":{"line":15,"column":14},"end":{"line":15,"column":15}},"5":{"start":{"line":16,"column":2},"end":{"line":18,"column":3}},"6":{"start":{"line":17,"column":4},"end":{"line":17,"column":24}},"7":{"start":{"line":19,"column":2},"end":{"line":19,"column":77}},"8":{"start":{"line":22,"column":13},"end":{"line":91,"column":1}},"9":{"start":{"line":23,"column":39},"end":{"line":23,"column":44}},"10":{"start":{"line":24,"column":38},"end":{"line":24,"column":53}},"11":{"start":{"line":26,"column":19},"end":{"line":26,"column":56}},"12":{"start":{"line":27,"column":16},"end":{"line":27,"column":76}},"13":{"start":{"line":28,"column":17},"end":{"line":28,"column":29}},"14":{"start":{"line":29,"column":14},"end":{"line":29,"column":27}},"15":{"start":{"line":31,"column":29},"end":{"line":33,"column":3}},"16":{"start":{"line":32,"column":4},"end":{"line":32,"column":23}},"17":{"start":{"line":35,"column":29},"end":{"line":37,"column":3}},"18":{"start":{"line":36,"column":4},"end":{"line":36,"column":24}},"19":{"start":{"line":39,"column":2},"end":{"line":51,"column":3}},"20":{"start":{"line":40,"column":4},"end":{"line":50,"column":5}},"21":{"start":{"line":52,"column":2},"end":{"line":90,"column":3}},"22":{"start":{"line":54,"column":6},"end":{"line":64,"column":7}},"23":{"start":{"line":67,"column":6},"end":{"line":77,"column":7}},"24":{"start":{"line":79,"column":6},"end":{"line":89,"column":7}},"25":{"start":{"line":93,"column":0},"end":{"line":98,"column":1}}},"fnMap":{"0":{"name":"(anonymous_0)","decl":{"start":{"line":11,"column":20},"end":{"line":11,"column":21}},"loc":{"start":{"line":11,"column":31},"end":{"line":20,"column":1}},"line":11},"1":{"name":"(anonymous_1)","decl":{"start":{"line":22,"column":13},"end":{"line":22,"column":14}},"loc":{"start":{"line":22,"column":24},"end":{"line":91,"column":1}},"line":22},"2":{"name":"(anonymous_2)","decl":{"start":{"line":31,"column":29},"end":{"line":31,"column":30}},"loc":{"start":{"line":31,"column":35},"end":{"line":33,"column":3}},"line":31},"3":{"name":"(anonymous_3)","decl":{"start":{"line":35,"column":29},"end":{"line":35,"column":30}},"loc":{"start":{"line":35,"column":35},"end":{"line":37,"column":3}},"line":35}},"branchMap":{"0":{"loc":{"start":{"line":12,"column":2},"end":{"line":14,"column":3}},"type":"if","locations":[{"start":{"line":12,"column":2},"end":{"line":14,"column":3}},{"start":{"line":12,"column":2},"end":{"line":14,"column":3}}],"line":12},"1":{"loc":{"start":{"line":16,"column":9},"end":{"line":16,"column":33}},"type":"binary-expr","locations":[{"start":{"line":16,"column":9},"end":{"line":16,"column":22}},{"start":{"line":16,"column":26},"end":{"line":16,"column":33}}],"line":16},"2":{"loc":{"start":{"line":19,"column":23},"end":{"line":19,"column":55}},"type":"cond-expr","locations":[{"start":{"line":19,"column":50},"end":{"line":19,"column":51}},{"start":{"line":19,"column":54},"end":{"line":19,"column":55}}],"line":19},"3":{"loc":{"start":{"line":19,"column":23},"end":{"line":19,"column":47}},"type":"binary-expr","locations":[{"start":{"line":19,"column":23},"end":{"line":19,"column":34}},{"start":{"line":19,"column":38},"end":{"line":19,"column":47}}],"line":19},"4":{"loc":{"start":{"line":26,"column":19},"end":{"line":26,"column":56}},"type":"cond-expr","locations":[{"start":{"line":26,"column":42},"end":{"line":26,"column":49}},{"start":{"line":26,"column":52},"end":{"line":26,"column":56}}],"line":26},"5":{"loc":{"start":{"line":27,"column":16},"end":{"line":27,"column":76}},"type":"cond-expr","locations":[{"start":{"line":27,"column":50},"end":{"line":27,"column":72}},{"start":{"line":27,"column":75},"end":{"line":27,"column":76}}],"line":27},"6":{"loc":{"start":{"line":27,"column":16},"end":{"line":27,"column":47}},"type":"binary-expr","locations":[{"start":{"line":27,"column":16},"end":{"line":27,"column":20}},{"start":{"line":27,"column":24},"end":{"line":27,"column":47}}],"line":27},"7":{"loc":{"start":{"line":28,"column":17},"end":{"line":28,"column":29}},"type":"binary-expr","locations":[{"start":{"line":28,"column":17},"end":{"line":28,"column":22}},{"start":{"line":28,"column":26},"end":{"line":28,"column":29}}],"line":28},"8":{"loc":{"start":{"line":29,"column":14},"end":{"line":29,"column":27}},"type":"binary-expr","locations":[{"start":{"line":29,"column":14},"end":{"line":29,"column":16}},{"start":{"line":29,"column":20},"end":{"line":29,"column":27}}],"line":29},"9":{"loc":{"start":{"line":39,"column":2},"end":{"line":51,"column":3}},"type":"if","locations":[{"start":{"line":39,"column":2},"end":{"line":51,"column":3}},{"start":{"line":39,"column":2},"end":{"line":51,"column":3}}],"line":39},"10":{"loc":{"start":{"line":52,"column":2},"end":{"line":90,"column":3}},"type":"switch","locations":[{"start":{"line":53,"column":4},"end":{"line":64,"column":7}},{"start":{"line":65,"column":4},"end":{"line":65,"column":21}},{"start":{"line":66,"column":4},"end":{"line":77,"column":7}},{"start":{"line":78,"column":4},"end":{"line":89,"column":7}}],"line":52}},"s":{"0":2,"1":2,"2":14,"3":0,"4":14,"5":14,"6":5,"7":14,"8":2,"9":14,"10":14,"11":14,"12":14,"13":14,"14":14,"15":14,"16":2,"17":14,"18":0,"19":14,"20":6,"21":8,"22":7,"23":1,"24":0,"25":2},"f":{"0":14,"1":14,"2":2,"3":0},"b":{"0":[0,14],"1":[19,5],"2":[14,0],"3":[14,0],"4":[0,14],"5":[14,0],"6":[14,14],"7":[14,14],"8":[14,14],"9":[6,8],"10":[7,1,1,0]},"_coverageSchema":"43e27e138ebf9cfc5966b082cf9a028302ed4184","hash":"d2e2b8e11b1682374aaac6835d090b70359583a1"}
,"/Users/n/Work/eessi-pensjon-ui/src/components/File/Image.js": {"path":"/Users/n/Work/eessi-pensjon-ui/src/components/File/Image.js","statementMap":{"0":{"start":{"line":8,"column":30},"end":{"line":51,"column":1}},"1":{"start":{"line":9,"column":138},"end":{"line":9,"column":143}},"2":{"start":{"line":10,"column":16},"end":{"line":10,"column":66}},"3":{"start":{"line":12,"column":2},"end":{"line":50,"column":3}},"4":{"start":{"line":23,"column":29},"end":{"line":23,"column":52}},"5":{"start":{"line":33,"column":32},"end":{"line":33,"column":51}},"6":{"start":{"line":41,"column":48},"end":{"line":41,"column":62}},"7":{"start":{"line":53,"column":0},"end":{"line":66,"column":1}}},"fnMap":{"0":{"name":"(anonymous_0)","decl":{"start":{"line":8,"column":30},"end":{"line":8,"column":31}},"loc":{"start":{"line":8,"column":41},"end":{"line":51,"column":1}},"line":8},"1":{"name":"(anonymous_1)","decl":{"start":{"line":9,"column":91},"end":{"line":9,"column":92}},"loc":{"start":{"line":9,"column":97},"end":{"line":9,"column":99}},"line":9},"2":{"name":"(anonymous_2)","decl":{"start":{"line":23,"column":23},"end":{"line":23,"column":24}},"loc":{"start":{"line":23,"column":29},"end":{"line":23,"column":52}},"line":23},"3":{"name":"(anonymous_3)","decl":{"start":{"line":33,"column":25},"end":{"line":33,"column":26}},"loc":{"start":{"line":33,"column":32},"end":{"line":33,"column":51}},"line":33},"4":{"name":"(anonymous_4)","decl":{"start":{"line":41,"column":42},"end":{"line":41,"column":43}},"loc":{"start":{"line":41,"column":48},"end":{"line":41,"column":62}},"line":41}},"branchMap":{"0":{"loc":{"start":{"line":9,"column":81},"end":{"line":9,"column":99}},"type":"default-arg","locations":[{"start":{"line":9,"column":91},"end":{"line":9,"column":99}}],"line":9},"1":{"loc":{"start":{"line":19,"column":9},"end":{"line":28,"column":16}},"type":"cond-expr","locations":[{"start":{"line":21,"column":12},"end":{"line":26,"column":18}},{"start":{"line":28,"column":12},"end":{"line":28,"column":16}}],"line":19},"2":{"loc":{"start":{"line":19,"column":9},"end":{"line":19,"column":33}},"type":"binary-expr","locations":[{"start":{"line":19,"column":9},"end":{"line":19,"column":19}},{"start":{"line":19,"column":23},"end":{"line":19,"column":33}}],"line":19},"3":{"loc":{"start":{"line":29,"column":9},"end":{"line":40,"column":18}},"type":"cond-expr","locations":[{"start":{"line":31,"column":12},"end":{"line":39,"column":18}},{"start":{"line":40,"column":14},"end":{"line":40,"column":18}}],"line":29},"4":{"loc":{"start":{"line":29,"column":9},"end":{"line":29,"column":35}},"type":"binary-expr","locations":[{"start":{"line":29,"column":9},"end":{"line":29,"column":21}},{"start":{"line":29,"column":25},"end":{"line":29,"column":35}}],"line":29}},"s":{"0":3,"1":9,"2":9,"3":9,"4":1,"5":0,"6":1,"7":3},"f":{"0":9,"1":0,"2":1,"3":0,"4":1},"b":{"0":[0],"1":[4,5],"2":[9,9],"3":[4,5],"4":[9,9]},"_coverageSchema":"43e27e138ebf9cfc5966b082cf9a028302ed4184","hash":"179805c088271d7b22bb2dceb7bc23a4d3146aa8"}
,"/Users/n/Work/eessi-pensjon-ui/src/components/File/Other.js": {"path":"/Users/n/Work/eessi-pensjon-ui/src/components/File/Other.js","statementMap":{"0":{"start":{"line":8,"column":30},"end":{"line":46,"column":1}},"1":{"start":{"line":11,"column":6},"end":{"line":11,"column":11}},"2":{"start":{"line":12,"column":20},"end":{"line":12,"column":71}},"3":{"start":{"line":14,"column":2},"end":{"line":45,"column":3}},"4":{"start":{"line":22,"column":60},"end":{"line":22,"column":83}},"5":{"start":{"line":31,"column":30},"end":{"line":31,"column":49}},"6":{"start":{"line":41,"column":46},"end":{"line":41,"column":60}},"7":{"start":{"line":48,"column":0},"end":{"line":58,"column":1}}},"fnMap":{"0":{"name":"(anonymous_0)","decl":{"start":{"line":8,"column":30},"end":{"line":8,"column":31}},"loc":{"start":{"line":8,"column":41},"end":{"line":46,"column":1}},"line":8},"1":{"name":"(anonymous_1)","decl":{"start":{"line":10,"column":59},"end":{"line":10,"column":60}},"loc":{"start":{"line":10,"column":65},"end":{"line":10,"column":67}},"line":10},"2":{"name":"(anonymous_2)","decl":{"start":{"line":22,"column":54},"end":{"line":22,"column":55}},"loc":{"start":{"line":22,"column":60},"end":{"line":22,"column":83}},"line":22},"3":{"name":"(anonymous_3)","decl":{"start":{"line":31,"column":23},"end":{"line":31,"column":24}},"loc":{"start":{"line":31,"column":30},"end":{"line":31,"column":49}},"line":31},"4":{"name":"(anonymous_4)","decl":{"start":{"line":41,"column":40},"end":{"line":41,"column":41}},"loc":{"start":{"line":41,"column":46},"end":{"line":41,"column":60}},"line":41}},"branchMap":{"0":{"loc":{"start":{"line":10,"column":49},"end":{"line":10,"column":67}},"type":"default-arg","locations":[{"start":{"line":10,"column":59},"end":{"line":10,"column":67}}],"line":10},"1":{"loc":{"start":{"line":19,"column":7},"end":{"line":24,"column":16}},"type":"cond-expr","locations":[{"start":{"line":21,"column":10},"end":{"line":23,"column":16}},{"start":{"line":24,"column":12},"end":{"line":24,"column":16}}],"line":19},"2":{"loc":{"start":{"line":25,"column":7},"end":{"line":40,"column":14}},"type":"cond-expr","locations":[{"start":{"line":27,"column":10},"end":{"line":38,"column":16}},{"start":{"line":40,"column":10},"end":{"line":40,"column":14}}],"line":25},"3":{"loc":{"start":{"line":25,"column":7},"end":{"line":25,"column":33}},"type":"binary-expr","locations":[{"start":{"line":25,"column":7},"end":{"line":25,"column":17}},{"start":{"line":25,"column":21},"end":{"line":25,"column":33}}],"line":25}},"s":{"0":3,"1":13,"2":13,"3":13,"4":2,"5":0,"6":1,"7":3},"f":{"0":13,"1":0,"2":2,"3":0,"4":1},"b":{"0":[5],"1":[4,9],"2":[3,10],"3":[13,4]},"_coverageSchema":"43e27e138ebf9cfc5966b082cf9a028302ed4184","hash":"0c0ce880cb8c65d97cf6f6e5b447a49a17c06ef8"}
,"/Users/n/Work/eessi-pensjon-ui/src/components/File/PDF.js": {"path":"/Users/n/Work/eessi-pensjon-ui/src/components/File/PDF.js","statementMap":{"0":{"start":{"line":9,"column":0},"end":{"line":9,"column":79}},"1":{"start":{"line":11,"column":28},"end":{"line":165,"column":1}},"2":{"start":{"line":12,"column":145},"end":{"line":12,"column":150}},"3":{"start":{"line":13,"column":115},"end":{"line":13,"column":120}},"4":{"start":{"line":14,"column":40},"end":{"line":14,"column":45}},"5":{"start":{"line":15,"column":41},"end":{"line":15,"column":52}},"6":{"start":{"line":16,"column":41},"end":{"line":16,"column":69}},"7":{"start":{"line":17,"column":16},"end":{"line":17,"column":120}},"8":{"start":{"line":19,"column":2},"end":{"line":23,"column":33}},"9":{"start":{"line":20,"column":4},"end":{"line":22,"column":5}},"10":{"start":{"line":21,"column":6},"end":{"line":21,"column":33}},"11":{"start":{"line":25,"column":30},"end":{"line":30,"column":3}},"12":{"start":{"line":26,"column":4},"end":{"line":26,"column":30}},"13":{"start":{"line":27,"column":4},"end":{"line":29,"column":5}},"14":{"start":{"line":28,"column":6},"end":{"line":28,"column":29}},"15":{"start":{"line":32,"column":33},"end":{"line":39,"column":3}},"16":{"start":{"line":33,"column":4},"end":{"line":33,"column":23}},"17":{"start":{"line":34,"column":4},"end":{"line":34,"column":22}},"18":{"start":{"line":35,"column":4},"end":{"line":35,"column":21}},"19":{"start":{"line":36,"column":4},"end":{"line":38,"column":5}},"20":{"start":{"line":37,"column":6},"end":{"line":37,"column":29}},"21":{"start":{"line":41,"column":34},"end":{"line":47,"column":3}},"22":{"start":{"line":42,"column":4},"end":{"line":42,"column":23}},"23":{"start":{"line":43,"column":4},"end":{"line":43,"column":22}},"24":{"start":{"line":44,"column":4},"end":{"line":46,"column":5}},"25":{"start":{"line":45,"column":6},"end":{"line":45,"column":29}},"26":{"start":{"line":49,"column":26},"end":{"line":55,"column":3}},"27":{"start":{"line":50,"column":4},"end":{"line":50,"column":23}},"28":{"start":{"line":51,"column":4},"end":{"line":51,"column":22}},"29":{"start":{"line":52,"column":4},"end":{"line":54,"column":5}},"30":{"start":{"line":53,"column":6},"end":{"line":53,"column":21}},"31":{"start":{"line":57,"column":36},"end":{"line":64,"column":3}},"32":{"start":{"line":58,"column":4},"end":{"line":58,"column":23}},"33":{"start":{"line":59,"column":4},"end":{"line":59,"column":22}},"34":{"start":{"line":60,"column":4},"end":{"line":60,"column":36}},"35":{"start":{"line":61,"column":4},"end":{"line":63,"column":5}},"36":{"start":{"line":62,"column":6},"end":{"line":62,"column":27}},"37":{"start":{"line":66,"column":32},"end":{"line":73,"column":3}},"38":{"start":{"line":67,"column":4},"end":{"line":67,"column":23}},"39":{"start":{"line":68,"column":4},"end":{"line":68,"column":22}},"40":{"start":{"line":69,"column":4},"end":{"line":69,"column":36}},"41":{"start":{"line":70,"column":4},"end":{"line":72,"column":5}},"42":{"start":{"line":71,"column":6},"end":{"line":71,"column":23}},"43":{"start":{"line":75,"column":2},"end":{"line":164,"column":3}},"44":{"start":{"line":121,"column":32},"end":{"line":121,"column":51}},"45":{"start":{"line":167,"column":0},"end":{"line":191,"column":1}}},"fnMap":{"0":{"name":"(anonymous_0)","decl":{"start":{"line":11,"column":28},"end":{"line":11,"column":29}},"loc":{"start":{"line":11,"column":39},"end":{"line":165,"column":1}},"line":11},"1":{"name":"(anonymous_1)","decl":{"start":{"line":19,"column":12},"end":{"line":19,"column":13}},"loc":{"start":{"line":19,"column":18},"end":{"line":23,"column":3}},"line":19},"2":{"name":"(anonymous_2)","decl":{"start":{"line":25,"column":30},"end":{"line":25,"column":31}},"loc":{"start":{"line":25,"column":37},"end":{"line":30,"column":3}},"line":25},"3":{"name":"(anonymous_3)","decl":{"start":{"line":32,"column":33},"end":{"line":32,"column":34}},"loc":{"start":{"line":32,"column":40},"end":{"line":39,"column":3}},"line":32},"4":{"name":"(anonymous_4)","decl":{"start":{"line":41,"column":34},"end":{"line":41,"column":35}},"loc":{"start":{"line":41,"column":41},"end":{"line":47,"column":3}},"line":41},"5":{"name":"(anonymous_5)","decl":{"start":{"line":49,"column":26},"end":{"line":49,"column":27}},"loc":{"start":{"line":49,"column":33},"end":{"line":55,"column":3}},"line":49},"6":{"name":"(anonymous_6)","decl":{"start":{"line":57,"column":36},"end":{"line":57,"column":37}},"loc":{"start":{"line":57,"column":43},"end":{"line":64,"column":3}},"line":57},"7":{"name":"(anonymous_7)","decl":{"start":{"line":66,"column":32},"end":{"line":66,"column":33}},"loc":{"start":{"line":66,"column":39},"end":{"line":73,"column":3}},"line":66},"8":{"name":"(anonymous_8)","decl":{"start":{"line":121,"column":25},"end":{"line":121,"column":26}},"loc":{"start":{"line":121,"column":32},"end":{"line":121,"column":51}},"line":121}},"branchMap":{"0":{"loc":{"start":{"line":17,"column":64},"end":{"line":17,"column":83}},"type":"binary-expr","locations":[{"start":{"line":17,"column":64},"end":{"line":17,"column":76}},{"start":{"line":17,"column":80},"end":{"line":17,"column":83}}],"line":17},"1":{"loc":{"start":{"line":20,"column":4},"end":{"line":22,"column":5}},"type":"if","locations":[{"start":{"line":20,"column":4},"end":{"line":22,"column":5}},{"start":{"line":20,"column":4},"end":{"line":22,"column":5}}],"line":20},"2":{"loc":{"start":{"line":20,"column":8},"end":{"line":20,"column":74}},"type":"binary-expr","locations":[{"start":{"line":20,"column":8},"end":{"line":20,"column":19}},{"start":{"line":20,"column":23},"end":{"line":20,"column":42}},{"start":{"line":20,"column":46},"end":{"line":20,"column":74}}],"line":20},"3":{"loc":{"start":{"line":27,"column":4},"end":{"line":29,"column":5}},"type":"if","locations":[{"start":{"line":27,"column":4},"end":{"line":29,"column":5}},{"start":{"line":27,"column":4},"end":{"line":29,"column":5}}],"line":27},"4":{"loc":{"start":{"line":36,"column":4},"end":{"line":38,"column":5}},"type":"if","locations":[{"start":{"line":36,"column":4},"end":{"line":38,"column":5}},{"start":{"line":36,"column":4},"end":{"line":38,"column":5}}],"line":36},"5":{"loc":{"start":{"line":44,"column":4},"end":{"line":46,"column":5}},"type":"if","locations":[{"start":{"line":44,"column":4},"end":{"line":46,"column":5}},{"start":{"line":44,"column":4},"end":{"line":46,"column":5}}],"line":44},"6":{"loc":{"start":{"line":52,"column":4},"end":{"line":54,"column":5}},"type":"if","locations":[{"start":{"line":52,"column":4},"end":{"line":54,"column":5}},{"start":{"line":52,"column":4},"end":{"line":54,"column":5}}],"line":52},"7":{"loc":{"start":{"line":61,"column":4},"end":{"line":63,"column":5}},"type":"if","locations":[{"start":{"line":61,"column":4},"end":{"line":63,"column":5}},{"start":{"line":61,"column":4},"end":{"line":63,"column":5}}],"line":61},"8":{"loc":{"start":{"line":61,"column":8},"end":{"line":61,"column":62}},"type":"binary-expr","locations":[{"start":{"line":61,"column":8},"end":{"line":61,"column":22}},{"start":{"line":61,"column":26},"end":{"line":61,"column":62}}],"line":61},"9":{"loc":{"start":{"line":70,"column":4},"end":{"line":72,"column":5}},"type":"if","locations":[{"start":{"line":70,"column":4},"end":{"line":72,"column":5}},{"start":{"line":70,"column":4},"end":{"line":72,"column":5}}],"line":70},"10":{"loc":{"start":{"line":70,"column":8},"end":{"line":70,"column":54}},"type":"binary-expr","locations":[{"start":{"line":70,"column":8},"end":{"line":70,"column":18}},{"start":{"line":70,"column":22},"end":{"line":70,"column":54}}],"line":70},"11":{"loc":{"start":{"line":88,"column":9},"end":{"line":96,"column":18}},"type":"cond-expr","locations":[{"start":{"line":90,"column":12},"end":{"line":95,"column":18}},{"start":{"line":96,"column":14},"end":{"line":96,"column":18}}],"line":88},"12":{"loc":{"start":{"line":88,"column":9},"end":{"line":88,"column":34}},"type":"binary-expr","locations":[{"start":{"line":88,"column":9},"end":{"line":88,"column":20}},{"start":{"line":88,"column":24},"end":{"line":88,"column":34}}],"line":88},"13":{"loc":{"start":{"line":97,"column":9},"end":{"line":105,"column":18}},"type":"cond-expr","locations":[{"start":{"line":99,"column":12},"end":{"line":104,"column":18}},{"start":{"line":105,"column":14},"end":{"line":105,"column":18}}],"line":97},"14":{"loc":{"start":{"line":97,"column":9},"end":{"line":97,"column":33}},"type":"binary-expr","locations":[{"start":{"line":97,"column":9},"end":{"line":97,"column":19}},{"start":{"line":97,"column":23},"end":{"line":97,"column":33}}],"line":97},"15":{"loc":{"start":{"line":106,"column":9},"end":{"line":114,"column":18}},"type":"cond-expr","locations":[{"start":{"line":108,"column":12},"end":{"line":113,"column":18}},{"start":{"line":114,"column":14},"end":{"line":114,"column":18}}],"line":106},"16":{"loc":{"start":{"line":106,"column":9},"end":{"line":106,"column":30}},"type":"binary-expr","locations":[{"start":{"line":106,"column":9},"end":{"line":106,"column":16}},{"start":{"line":106,"column":20},"end":{"line":106,"column":30}}],"line":106},"17":{"loc":{"start":{"line":115,"column":9},"end":{"line":129,"column":18}},"type":"cond-expr","locations":[{"start":{"line":117,"column":12},"end":{"line":128,"column":18}},{"start":{"line":129,"column":14},"end":{"line":129,"column":18}}],"line":115},"18":{"loc":{"start":{"line":115,"column":9},"end":{"line":115,"column":35}},"type":"binary-expr","locations":[{"start":{"line":115,"column":9},"end":{"line":115,"column":21}},{"start":{"line":115,"column":25},"end":{"line":115,"column":35}}],"line":115},"19":{"loc":{"start":{"line":130,"column":9},"end":{"line":139,"column":18}},"type":"cond-expr","locations":[{"start":{"line":132,"column":12},"end":{"line":138,"column":16}},{"start":{"line":139,"column":14},"end":{"line":139,"column":18}}],"line":130},"20":{"loc":{"start":{"line":130,"column":9},"end":{"line":130,"column":39}},"type":"binary-expr","locations":[{"start":{"line":130,"column":9},"end":{"line":130,"column":25}},{"start":{"line":130,"column":29},"end":{"line":130,"column":39}}],"line":130},"21":{"loc":{"start":{"line":140,"column":9},"end":{"line":149,"column":18}},"type":"cond-expr","locations":[{"start":{"line":142,"column":12},"end":{"line":148,"column":16}},{"start":{"line":149,"column":14},"end":{"line":149,"column":18}}],"line":140},"22":{"loc":{"start":{"line":140,"column":9},"end":{"line":140,"column":50}},"type":"binary-expr","locations":[{"start":{"line":140,"column":9},"end":{"line":140,"column":36}},{"start":{"line":140,"column":40},"end":{"line":140,"column":50}}],"line":140},"23":{"loc":{"start":{"line":150,"column":9},"end":{"line":155,"column":18}},"type":"cond-expr","locations":[{"start":{"line":152,"column":12},"end":{"line":154,"column":18}},{"start":{"line":155,"column":14},"end":{"line":155,"column":18}}],"line":150},"24":{"loc":{"start":{"line":160,"column":23},"end":{"line":160,"column":35}},"type":"binary-expr","locations":[{"start":{"line":160,"column":23},"end":{"line":160,"column":28}},{"start":{"line":160,"column":32},"end":{"line":160,"column":35}}],"line":160},"25":{"loc":{"start":{"line":160,"column":45},"end":{"line":160,"column":58}},"type":"binary-expr","locations":[{"start":{"line":160,"column":45},"end":{"line":160,"column":51}},{"start":{"line":160,"column":55},"end":{"line":160,"column":58}}],"line":160}},"s":{"0":3,"1":3,"2":24,"3":24,"4":24,"5":24,"6":24,"7":24,"8":24,"9":15,"10":1,"11":24,"12":13,"13":13,"14":13,"15":24,"16":1,"17":1,"18":1,"19":1,"20":1,"21":24,"22":2,"23":2,"24":2,"25":2,"26":24,"27":1,"28":1,"29":1,"30":1,"31":24,"32":2,"33":2,"34":2,"35":2,"36":1,"37":24,"38":2,"39":2,"40":2,"41":2,"42":1,"43":24,"44":0,"45":3},"f":{"0":24,"1":15,"2":13,"3":1,"4":2,"5":1,"6":2,"7":2,"8":0},"b":{"0":[24,1],"1":[1,14],"2":[15,5,5],"3":[13,0],"4":[1,0],"5":[2,0],"6":[1,0],"7":[1,1],"8":[2,1],"9":[1,1],"10":[2,1],"11":[16,8],"12":[24,24],"13":[16,8],"14":[24,24],"15":[11,13],"16":[24,16],"17":[16,8],"18":[24,24],"19":[5,19],"20":[24,7],"21":[16,8],"22":[24,23],"23":[16,8],"24":[24,24],"25":[24,24]},"_coverageSchema":"43e27e138ebf9cfc5966b082cf9a028302ed4184","hash":"1dff197cfded6dedf70b7666f435617b423b8ebc"}
,"/Users/n/Work/eessi-pensjon-ui/src/components/FileUpload/FileUpload.js": {"path":"/Users/n/Work/eessi-pensjon-ui/src/components/FileUpload/FileUpload.js","statementMap":{"0":{"start":{"line":13,"column":19},"end":{"line":186,"column":1}},"1":{"start":{"line":14,"column":92},"end":{"line":14,"column":97}},"2":{"start":{"line":15,"column":89},"end":{"line":15,"column":94}},"3":{"start":{"line":16,"column":29},"end":{"line":16,"column":44}},"4":{"start":{"line":17,"column":43},"end":{"line":17,"column":71}},"5":{"start":{"line":18,"column":31},"end":{"line":18,"column":53}},"6":{"start":{"line":20,"column":2},"end":{"line":24,"column":29}},"7":{"start":{"line":21,"column":4},"end":{"line":23,"column":5}},"8":{"start":{"line":22,"column":6},"end":{"line":22,"column":52}},"9":{"start":{"line":22,"column":40},"end":{"line":22,"column":48}},"10":{"start":{"line":26,"column":22},"end":{"line":34,"column":3}},"11":{"start":{"line":27,"column":4},"end":{"line":33,"column":6}},"12":{"start":{"line":36,"column":22},"end":{"line":50,"column":29}},"13":{"start":{"line":37,"column":4},"end":{"line":37,"column":22}},"14":{"start":{"line":38,"column":4},"end":{"line":40,"column":5}},"15":{"start":{"line":39,"column":6},"end":{"line":39,"column":38}},"16":{"start":{"line":41,"column":4},"end":{"line":46,"column":5}},"17":{"start":{"line":42,"column":6},"end":{"line":45,"column":8}},"18":{"start":{"line":47,"column":4},"end":{"line":49,"column":5}},"19":{"start":{"line":48,"column":6},"end":{"line":48,"column":28}},"20":{"start":{"line":52,"column":23},"end":{"line":82,"column":45}},"21":{"start":{"line":53,"column":21},"end":{"line":53,"column":36}},"22":{"start":{"line":54,"column":28},"end":{"line":54,"column":50}},"23":{"start":{"line":55,"column":4},"end":{"line":77,"column":6}},"24":{"start":{"line":56,"column":21},"end":{"line":56,"column":37}},"25":{"start":{"line":57,"column":6},"end":{"line":57,"column":36}},"26":{"start":{"line":58,"column":6},"end":{"line":58,"column":54}},"27":{"start":{"line":58,"column":34},"end":{"line":58,"column":52}},"28":{"start":{"line":59,"column":6},"end":{"line":76,"column":7}},"29":{"start":{"line":60,"column":21},"end":{"line":60,"column":52}},"30":{"start":{"line":61,"column":18},"end":{"line":61,"column":33}},"31":{"start":{"line":62,"column":16},"end":{"line":62,"column":18}},"32":{"start":{"line":63,"column":8},"end":{"line":65,"column":9}},"33":{"start":{"line":63,"column":21},"end":{"line":63,"column":22}},"34":{"start":{"line":64,"column":10},"end":{"line":64,"column":43}},"35":{"start":{"line":66,"column":23},"end":{"line":66,"column":37}},"36":{"start":{"line":67,"column":8},"end":{"line":74,"column":10}},"37":{"start":{"line":75,"column":8},"end":{"line":75,"column":51}},"38":{"start":{"line":78,"column":24},"end":{"line":78,"column":77}},"39":{"start":{"line":79,"column":4},"end":{"line":79,"column":74}},"40":{"start":{"line":80,"column":4},"end":{"line":80,"column":59}},"41":{"start":{"line":81,"column":4},"end":{"line":81,"column":57}},"42":{"start":{"line":84,"column":17},"end":{"line":100,"column":71}},"43":{"start":{"line":85,"column":4},"end":{"line":87,"column":5}},"44":{"start":{"line":86,"column":6},"end":{"line":86,"column":18}},"45":{"start":{"line":88,"column":4},"end":{"line":93,"column":5}},"46":{"start":{"line":89,"column":6},"end":{"line":92,"column":8}},"47":{"start":{"line":95,"column":4},"end":{"line":95,"column":46}},"48":{"start":{"line":97,"column":4},"end":{"line":99,"column":5}},"49":{"start":{"line":98,"column":6},"end":{"line":98,"column":17}},"50":{"start":{"line":102,"column":25},"end":{"line":113,"column":3}},"51":{"start":{"line":103,"column":4},"end":{"line":112,"column":5}},"52":{"start":{"line":104,"column":6},"end":{"line":111,"column":8}},"53":{"start":{"line":115,"column":21},"end":{"line":123,"column":3}},"54":{"start":{"line":116,"column":21},"end":{"line":116,"column":40}},"55":{"start":{"line":117,"column":28},"end":{"line":117,"column":54}},"56":{"start":{"line":118,"column":4},"end":{"line":118,"column":33}},"57":{"start":{"line":119,"column":4},"end":{"line":119,"column":40}},"58":{"start":{"line":120,"column":21},"end":{"line":120,"column":43}},"59":{"start":{"line":121,"column":26},"end":{"line":121,"column":58}},"60":{"start":{"line":122,"column":4},"end":{"line":122,"column":57}},"61":{"start":{"line":125,"column":24},"end":{"line":131,"column":3}},"62":{"start":{"line":126,"column":4},"end":{"line":130,"column":5}},"63":{"start":{"line":127,"column":23},"end":{"line":127,"column":42}},"64":{"start":{"line":128,"column":6},"end":{"line":128,"column":47}},"65":{"start":{"line":129,"column":6},"end":{"line":129,"column":27}},"66":{"start":{"line":133,"column":32},"end":{"line":137,"column":3}},"67":{"start":{"line":134,"column":28},"end":{"line":134,"column":54}},"68":{"start":{"line":135,"column":4},"end":{"line":135,"column":63}},"69":{"start":{"line":136,"column":4},"end":{"line":136,"column":36}},"70":{"start":{"line":139,"column":28},"end":{"line":143,"column":3}},"71":{"start":{"line":140,"column":28},"end":{"line":140,"column":54}},"72":{"start":{"line":141,"column":4},"end":{"line":141,"column":63}},"73":{"start":{"line":142,"column":4},"end":{"line":142,"column":36}},"74":{"start":{"line":145,"column":56},"end":{"line":150,"column":4}},"75":{"start":{"line":152,"column":2},"end":{"line":185,"column":3}},"76":{"start":{"line":169,"column":10},"end":{"line":181,"column":11}},"77":{"start":{"line":188,"column":0},"end":{"line":202,"column":1}}},"fnMap":{"0":{"name":"(anonymous_0)","decl":{"start":{"line":13,"column":19},"end":{"line":13,"column":20}},"loc":{"start":{"line":13,"column":30},"end":{"line":186,"column":1}},"line":13},"1":{"name":"(anonymous_1)","decl":{"start":{"line":20,"column":12},"end":{"line":20,"column":13}},"loc":{"start":{"line":20,"column":18},"end":{"line":24,"column":3}},"line":20},"2":{"name":"(anonymous_2)","decl":{"start":{"line":22,"column":33},"end":{"line":22,"column":34}},"loc":{"start":{"line":22,"column":38},"end":{"line":22,"column":50}},"line":22},"3":{"name":"(anonymous_3)","decl":{"start":{"line":26,"column":22},"end":{"line":26,"column":23}},"loc":{"start":{"line":26,"column":44},"end":{"line":34,"column":3}},"line":26},"4":{"name":"(anonymous_4)","decl":{"start":{"line":36,"column":34},"end":{"line":36,"column":35}},"loc":{"start":{"line":36,"column":80},"end":{"line":50,"column":3}},"line":36},"5":{"name":"(anonymous_5)","decl":{"start":{"line":52,"column":35},"end":{"line":52,"column":36}},"loc":{"start":{"line":52,"column":69},"end":{"line":82,"column":3}},"line":52},"6":{"name":"(anonymous_6)","decl":{"start":{"line":55,"column":26},"end":{"line":55,"column":27}},"loc":{"start":{"line":55,"column":43},"end":{"line":77,"column":5}},"line":55},"7":{"name":"(anonymous_7)","decl":{"start":{"line":58,"column":23},"end":{"line":58,"column":24}},"loc":{"start":{"line":58,"column":32},"end":{"line":58,"column":54}},"line":58},"8":{"name":"(anonymous_8)","decl":{"start":{"line":59,"column":25},"end":{"line":59,"column":26}},"loc":{"start":{"line":59,"column":38},"end":{"line":76,"column":7}},"line":59},"9":{"name":"(anonymous_9)","decl":{"start":{"line":84,"column":29},"end":{"line":84,"column":30}},"loc":{"start":{"line":84,"column":63},"end":{"line":100,"column":3}},"line":84},"10":{"name":"(anonymous_10)","decl":{"start":{"line":102,"column":25},"end":{"line":102,"column":26}},"loc":{"start":{"line":102,"column":44},"end":{"line":113,"column":3}},"line":102},"11":{"name":"(anonymous_11)","decl":{"start":{"line":115,"column":21},"end":{"line":115,"column":22}},"loc":{"start":{"line":115,"column":36},"end":{"line":123,"column":3}},"line":115},"12":{"name":"(anonymous_12)","decl":{"start":{"line":125,"column":24},"end":{"line":125,"column":25}},"loc":{"start":{"line":125,"column":42},"end":{"line":131,"column":3}},"line":125},"13":{"name":"(anonymous_13)","decl":{"start":{"line":133,"column":32},"end":{"line":133,"column":33}},"loc":{"start":{"line":133,"column":47},"end":{"line":137,"column":3}},"line":133},"14":{"name":"(anonymous_14)","decl":{"start":{"line":139,"column":28},"end":{"line":139,"column":29}},"loc":{"start":{"line":139,"column":43},"end":{"line":143,"column":3}},"line":139},"15":{"name":"(anonymous_15)","decl":{"start":{"line":168,"column":20},"end":{"line":168,"column":21}},"loc":{"start":{"line":168,"column":33},"end":{"line":182,"column":9}},"line":168}},"branchMap":{"0":{"loc":{"start":{"line":17,"column":52},"end":{"line":17,"column":70}},"type":"binary-expr","locations":[{"start":{"line":17,"column":52},"end":{"line":17,"column":64}},{"start":{"line":17,"column":68},"end":{"line":17,"column":70}}],"line":17},"1":{"loc":{"start":{"line":18,"column":40},"end":{"line":18,"column":52}},"type":"binary-expr","locations":[{"start":{"line":18,"column":40},"end":{"line":18,"column":46}},{"start":{"line":18,"column":50},"end":{"line":18,"column":52}}],"line":18},"2":{"loc":{"start":{"line":21,"column":4},"end":{"line":23,"column":5}},"type":"if","locations":[{"start":{"line":21,"column":4},"end":{"line":23,"column":5}},{"start":{"line":21,"column":4},"end":{"line":23,"column":5}}],"line":21},"3":{"loc":{"start":{"line":21,"column":8},"end":{"line":21,"column":54}},"type":"binary-expr","locations":[{"start":{"line":21,"column":8},"end":{"line":21,"column":26}},{"start":{"line":21,"column":30},"end":{"line":21,"column":54}}],"line":21},"4":{"loc":{"start":{"line":38,"column":4},"end":{"line":40,"column":5}},"type":"if","locations":[{"start":{"line":38,"column":4},"end":{"line":40,"column":5}},{"start":{"line":38,"column":4},"end":{"line":40,"column":5}}],"line":38},"5":{"loc":{"start":{"line":41,"column":4},"end":{"line":46,"column":5}},"type":"if","locations":[{"start":{"line":41,"column":4},"end":{"line":46,"column":5}},{"start":{"line":41,"column":4},"end":{"line":46,"column":5}}],"line":41},"6":{"loc":{"start":{"line":43,"column":18},"end":{"line":43,"column":42}},"type":"binary-expr","locations":[{"start":{"line":43,"column":18},"end":{"line":43,"column":31}},{"start":{"line":43,"column":35},"end":{"line":43,"column":42}}],"line":43},"7":{"loc":{"start":{"line":47,"column":4},"end":{"line":49,"column":5}},"type":"if","locations":[{"start":{"line":47,"column":4},"end":{"line":49,"column":5}},{"start":{"line":47,"column":4},"end":{"line":49,"column":5}}],"line":47},"8":{"loc":{"start":{"line":85,"column":4},"end":{"line":87,"column":5}},"type":"if","locations":[{"start":{"line":85,"column":4},"end":{"line":87,"column":5}},{"start":{"line":85,"column":4},"end":{"line":87,"column":5}}],"line":85},"9":{"loc":{"start":{"line":88,"column":4},"end":{"line":93,"column":5}},"type":"if","locations":[{"start":{"line":88,"column":4},"end":{"line":93,"column":5}},{"start":{"line":88,"column":4},"end":{"line":93,"column":5}}],"line":88},"10":{"loc":{"start":{"line":88,"column":8},"end":{"line":88,"column":69}},"type":"binary-expr","locations":[{"start":{"line":88,"column":8},"end":{"line":88,"column":16}},{"start":{"line":88,"column":21},"end":{"line":88,"column":68}}],"line":88},"11":{"loc":{"start":{"line":97,"column":4},"end":{"line":99,"column":5}},"type":"if","locations":[{"start":{"line":97,"column":4},"end":{"line":99,"column":5}},{"start":{"line":97,"column":4},"end":{"line":99,"column":5}}],"line":97},"12":{"loc":{"start":{"line":103,"column":4},"end":{"line":112,"column":5}},"type":"if","locations":[{"start":{"line":103,"column":4},"end":{"line":112,"column":5}},{"start":{"line":103,"column":4},"end":{"line":112,"column":5}}],"line":103},"13":{"loc":{"start":{"line":103,"column":8},"end":{"line":103,"column":58}},"type":"binary-expr","locations":[{"start":{"line":103,"column":8},"end":{"line":103,"column":19}},{"start":{"line":103,"column":23},"end":{"line":103,"column":58}}],"line":103},"14":{"loc":{"start":{"line":126,"column":4},"end":{"line":130,"column":5}},"type":"if","locations":[{"start":{"line":126,"column":4},"end":{"line":130,"column":5}},{"start":{"line":126,"column":4},"end":{"line":130,"column":5}}],"line":126},"15":{"loc":{"start":{"line":126,"column":8},"end":{"line":126,"column":54}},"type":"binary-expr","locations":[{"start":{"line":126,"column":8},"end":{"line":126,"column":27}},{"start":{"line":126,"column":31},"end":{"line":126,"column":36}},{"start":{"line":126,"column":40},"end":{"line":126,"column":54}}],"line":126},"16":{"loc":{"start":{"line":164,"column":11},"end":{"line":164,"column":32}},"type":"binary-expr","locations":[{"start":{"line":164,"column":11},"end":{"line":164,"column":26}},{"start":{"line":164,"column":30},"end":{"line":164,"column":32}}],"line":164}},"s":{"0":1,"1":35,"2":35,"3":35,"4":35,"5":35,"6":35,"7":23,"8":3,"9":3,"10":35,"11":1,"12":35,"13":4,"14":4,"15":4,"16":4,"17":4,"18":4,"19":4,"20":35,"21":3,"22":3,"23":3,"24":1,"25":1,"26":1,"27":0,"28":1,"29":1,"30":1,"31":1,"32":1,"33":1,"34":13,"35":1,"36":1,"37":1,"38":3,"39":3,"40":3,"41":3,"42":35,"43":3,"44":3,"45":3,"46":0,"47":3,"48":3,"49":3,"50":35,"51":2,"52":1,"53":35,"54":1,"55":1,"56":1,"57":1,"58":1,"59":1,"60":1,"61":35,"62":0,"63":0,"64":0,"65":0,"66":35,"67":1,"68":1,"69":1,"70":35,"71":1,"72":1,"73":1,"74":35,"75":35,"76":8,"77":1},"f":{"0":35,"1":23,"2":3,"3":1,"4":4,"5":3,"6":1,"7":0,"8":1,"9":3,"10":2,"11":1,"12":0,"13":1,"14":1,"15":8},"b":{"0":[35,0],"1":[35,0],"2":[3,20],"3":[23,8],"4":[4,0],"5":[4,0],"6":[4,0],"7":[4,0],"8":[3,0],"9":[0,3],"10":[3,3],"11":[3,0],"12":[1,1],"13":[2,2],"14":[0,0],"15":[0,0,0],"16":[35,30]},"_coverageSchema":"43e27e138ebf9cfc5966b082cf9a028302ed4184","hash":"d8313f38c1ed2de28c34c339e173a2c20eaa2366"}
,"/Users/n/Work/eessi-pensjon-ui/src/components/Flag/Flag.js": {"path":"/Users/n/Work/eessi-pensjon-ui/src/components/Flag/Flag.js","statementMap":{"0":{"start":{"line":7,"column":13},"end":{"line":21,"column":1}},"1":{"start":{"line":8,"column":105},"end":{"line":8,"column":110}},"2":{"start":{"line":10,"column":2},"end":{"line":20,"column":3}},"3":{"start":{"line":23,"column":0},"end":{"line":30,"column":1}}},"fnMap":{"0":{"name":"(anonymous_0)","decl":{"start":{"line":7,"column":13},"end":{"line":7,"column":14}},"loc":{"start":{"line":7,"column":24},"end":{"line":21,"column":1}},"line":7}},"branchMap":{"0":{"loc":{"start":{"line":8,"column":30},"end":{"line":8,"column":48}},"type":"default-arg","locations":[{"start":{"line":8,"column":42},"end":{"line":8,"column":48}}],"line":8},"1":{"loc":{"start":{"line":8,"column":50},"end":{"line":8,"column":81}},"type":"default-arg","locations":[{"start":{"line":8,"column":61},"end":{"line":8,"column":81}}],"line":8},"2":{"loc":{"start":{"line":8,"column":90},"end":{"line":8,"column":100}},"type":"default-arg","locations":[{"start":{"line":8,"column":97},"end":{"line":8,"column":100}}],"line":8}},"s":{"0":2,"1":12,"2":12,"3":2},"f":{"0":12},"b":{"0":[11],"1":[11],"2":[12]},"_coverageSchema":"43e27e138ebf9cfc5966b082cf9a028302ed4184","hash":"18742b9bb18302190a7873fbf69e0d9d5b1e9aca"}
[...]
:29},"end":{"line":247,"column":78}},"type":"binary-expr","locations":[{"start":{"line":247,"column":29},"end":{"line":247,"column":41}},{"start":{"line":247,"column":45},"end":{"line":247,"column":78}}],"line":247},"25":{"loc":{"start":{"line":248,"column":21},"end":{"line":248,"column":67}},"type":"cond-expr","locations":[{"start":{"line":248,"column":36},"end":{"line":248,"column":55}},{"start":{"line":248,"column":58},"end":{"line":248,"column":67}}],"line":248},"26":{"loc":{"start":{"line":265,"column":15},"end":{"line":318,"column":26}},"type":"cond-expr","locations":[{"start":{"line":267,"column":18},"end":{"line":270,"column":24}},{"start":{"line":272,"column":19},"end":{"line":318,"column":25}}],"line":265},"27":{"loc":{"start":{"line":272,"column":19},"end":{"line":318,"column":25}},"type":"cond-expr","locations":[{"start":{"line":272,"column":54},"end":{"line":318,"column":18}},{"start":{"line":318,"column":21},"end":{"line":318,"column":25}}],"line":272},"28":{"loc":{"start":{"line":272,"column":19},"end":{"line":272,"column":51}},"type":"binary-expr","locations":[{"start":{"line":272,"column":19},"end":{"line":272,"column":27}},{"start":{"line":272,"column":31},"end":{"line":272,"column":51}}],"line":272},"29":{"loc":{"start":{"line":273,"column":35},"end":{"line":273,"column":86}},"type":"binary-expr","locations":[{"start":{"line":273,"column":35},"end":{"line":273,"column":54}},{"start":{"line":273,"column":58},"end":{"line":273,"column":86}}],"line":273},"30":{"loc":{"start":{"line":274,"column":34},"end":{"line":274,"column":64}},"type":"binary-expr","locations":[{"start":{"line":274,"column":34},"end":{"line":274,"column":52}},{"start":{"line":274,"column":56},"end":{"line":274,"column":64}}],"line":274},"31":{"loc":{"start":{"line":279,"column":23},"end":{"line":287,"column":25}},"type":"cond-expr","locations":[{"start":{"line":280,"column":26},"end":{"line":280,"column":113}},{"start":{"line":282,"column":26},"end":{"line":286,"column":30}}],"line":279},"32":{"loc":{"start":{"line":280,"column":74},"end":{"line":280,"column":106}},"type":"cond-expr","locations":[{"start":{"line":280,"column":84},"end":{"line":280,"column":99}},{"start":{"line":280,"column":102},"end":{"line":280,"column":106}}],"line":280},"33":{"loc":{"start":{"line":285,"column":35},"end":{"line":285,"column":67}},"type":"cond-expr","locations":[{"start":{"line":285,"column":45},"end":{"line":285,"column":60}},{"start":{"line":285,"column":63},"end":{"line":285,"column":67}}],"line":285},"34":{"loc":{"start":{"line":288,"column":23},"end":{"line":315,"column":25}},"type":"cond-expr","locations":[{"start":{"line":289,"column":26},"end":{"line":310,"column":27}},{"start":{"line":312,"column":26},"end":{"line":314,"column":30}}],"line":288},"35":{"loc":{"start":{"line":289,"column":26},"end":{"line":310,"column":27}},"type":"cond-expr","locations":[{"start":{"line":291,"column":28},"end":{"line":294,"column":34}},{"start":{"line":297,"column":28},"end":{"line":309,"column":34}}],"line":289},"36":{"loc":{"start":{"line":321,"column":13},"end":{"line":329,"column":20}},"type":"cond-expr","locations":[{"start":{"line":322,"column":14},"end":{"line":328,"column":20}},{"start":{"line":329,"column":16},"end":{"line":329,"column":20}}],"line":321},"37":{"loc":{"start":{"line":321,"column":13},"end":{"line":321,"column":59}},"type":"binary-expr","locations":[{"start":{"line":321,"column":13},"end":{"line":321,"column":25}},{"start":{"line":321,"column":29},"end":{"line":321,"column":59}}],"line":321},"38":{"loc":{"start":{"line":325,"column":53},"end":{"line":325,"column":77}},"type":"binary-expr","locations":[{"start":{"line":325,"column":53},"end":{"line":325,"column":71}},{"start":{"line":325,"column":75},"end":{"line":325,"column":77}}],"line":325},"39":{"loc":{"start":{"line":334,"column":15},"end":{"line":350,"column":22}},"type":"cond-expr","locations":[{"start":{"line":335,"column":16},"end":{"line":349,"column":19}},{"start":{"line":350,"column":18},"end":{"line":350,"column":22}}],"line":334},"40":{"loc":{"start":{"line":338,"column":30},"end":{"line":338,"column":97}},"type":"binary-expr","locations":[{"start":{"line":338,"column":30},"end":{"line":338,"column":60}},{"start":{"line":338,"column":64},"end":{"line":338,"column":97}}],"line":338},"41":{"loc":{"start":{"line":355,"column":11},"end":{"line":365,"column":18}},"type":"cond-expr","locations":[{"start":{"line":356,"column":12},"end":{"line":364,"column":18}},{"start":{"line":365,"column":14},"end":{"line":365,"column":18}}],"line":355}},"s":{"0":0,"1":0,"2":0,"3":0,"4":0,"5":0,"6":0,"7":0,"8":0,"9":0,"10":0,"11":0,"12":0,"13":0,"14":0,"15":0,"16":0,"17":0,"18":0,"19":0,"20":0,"21":0,"22":0,"23":0,"24":0,"25":0,"26":0,"27":0,"28":0,"29":0,"30":0,"31":0,"32":0,"33":0,"34":0,"35":0,"36":0,"37":0,"38":0,"39":0,"40":0,"41":0,"42":0,"43":0,"44":0,"45":0,"46":0,"47":0,"48":0,"49":0,"50":0,"51":0,"52":0,"53":0,"54":0,"55":0,"56":0,"57":0,"58":0,"59":0,"60":0,"61":0,"62":0,"63":0,"64":0,"65":0,"66":0,"67":0,"68":0,"69":0,"70":0},"f":{"0":0,"1":0,"2":0,"3":0,"4":0,"5":0,"6":0,"7":0,"8":0,"9":0,"10":0,"11":0,"12":0,"13":0,"14":0},"b":{"0":[0,0],"1":[0,0],"2":[0,0],"3":[0,0],"4":[0,0],"5":[0,0],"6":[0,0],"7":[0,0,0],"8":[0,0],"9":[0,0],"10":[0,0,0],"11":[0,0],"12":[0,0],"13":[0,0],"14":[0,0],"15":[0,0],"16":[0,0],"17":[0,0],"18":[0,0],"19":[0,0],"20":[0,0],"21":[0,0],"22":[0,0],"23":[0,0],"24":[0,0],"25":[0,0],"26":[0,0],"27":[0,0],"28":[0,0],"29":[0,0],"30":[0,0],"31":[0,0],"32":[0,0],"33":[0,0],"34":[0,0],"35":[0,0],"36":[0,0],"37":[0,0],"38":[0,0],"39":[0,0],"40":[0,0],"41":[0,0]},"hash":"c29b5c16bc0fb41f9a1936e0f8ed69308a996a96"}
,"/Users/n/Work/eessi-pensjon-ui/src/components/MultipleSelect/MultipleOption.js": {"path":"/Users/n/Work/eessi-pensjon-ui/src/components/MultipleSelect/MultipleOption.js","statementMap":{"0":{"start":{"line":6,"column":23},"end":{"line":27,"column":1}},"1":{"start":{"line":7,"column":67},"end":{"line":7,"column":72}},"2":{"start":{"line":8,"column":13},"end":{"line":8,"column":46}},"3":{"start":{"line":10,"column":2},"end":{"line":26,"column":3}},"4":{"start":{"line":29,"column":0},"end":{"line":35,"column":1}}},"fnMap":{"0":{"name":"(anonymous_0)","decl":{"start":{"line":6,"column":23},"end":{"line":6,"column":24}},"loc":{"start":{"line":6,"column":34},"end":{"line":27,"column":1}},"line":6},"1":{"name":"(anonymous_1)","decl":{"start":{"line":22,"column":20},"end":{"line":22,"column":21}},"loc":{"start":{"line":22,"column":26},"end":{"line":22,"column":28}},"line":22}},"branchMap":{},"s":{"0":1,"1":2,"2":2,"3":2,"4":1},"f":{"0":2,"1":0},"b":{},"_coverageSchema":"43e27e138ebf9cfc5966b082cf9a028302ed4184","hash":"3b16071906b55eb33add14880f2ef20f4fb06de2"}
,"/Users/n/Work/eessi-pensjon-ui/src/components/MultipleSelect/MultipleSelect.js": {"path":"/Users/n/Work/eessi-pensjon-ui/src/components/MultipleSelect/MultipleSelect.js","statementMap":{"0":{"start":{"line":12,"column":27},"end":{"line":12,"column":41}},"1":{"start":{"line":14,"column":23},"end":{"line":137,"column":1}},"2":{"start":{"line":28,"column":6},"end":{"line":28,"column":11}},"3":{"start":{"line":30,"column":31},"end":{"line":30,"column":47}},"4":{"start":{"line":32,"column":2},"end":{"line":36,"column":23}},"5":{"start":{"line":33,"column":4},"end":{"line":35,"column":5}},"6":{"start":{"line":34,"column":6},"end":{"line":34,"column":23}},"7":{"start":{"line":38,"column":18},"end":{"line":42,"column":3}},"8":{"start":{"line":39,"column":4},"end":{"line":41,"column":6}},"9":{"start":{"line":40,"column":6},"end":{"line":40,"column":50}},"10":{"start":{"line":44,"column":18},"end":{"line":48,"column":3}},"11":{"start":{"line":45,"column":4},"end":{"line":47,"column":6}},"12":{"start":{"line":46,"column":6},"end":{"line":46,"column":49}},"13":{"start":{"line":50,"column":22},"end":{"line":75,"column":3}},"14":{"start":{"line":51,"column":4},"end":{"line":74,"column":5}},"15":{"start":{"line":53,"column":39},"end":{"line":53,"column":45}},"16":{"start":{"line":54,"column":8},"end":{"line":60,"column":9}},"17":{"start":{"line":63,"column":39},"end":{"line":63,"column":45}},"18":{"start":{"line":64,"column":8},"end":{"line":72,"column":9}},"19":{"start":{"line":77,"column":16},"end":{"line":77,"column":75}},"20":{"start":{"line":78,"column":2},"end":{"line":78,"column":65}},"21":{"start":{"line":80,"column":2},"end":{"line":136,"column":3}},"22":{"start":{"line":139,"column":0},"end":{"line":154,"column":1}}},"fnMap":{"0":{"name":"(anonymous_0)","decl":{"start":{"line":14,"column":23},"end":{"line":14,"column":24}},"loc":{"start":{"line":14,"column":34},"end":{"line":137,"column":1}},"line":14},"1":{"name":"(anonymous_1)","decl":{"start":{"line":32,"column":12},"end":{"line":32,"column":13}},"loc":{"start":{"line":32,"column":18},"end":{"line":36,"column":3}},"line":32},"2":{"name":"(anonymous_2)","decl":{"start":{"line":38,"column":18},"end":{"line":38,"column":19}},"loc":{"start":{"line":38,"column":49},"end":{"line":42,"column":3}},"line":38},"3":{"name":"(anonymous_3)","decl":{"start":{"line":39,"column":31},"end":{"line":39,"column":32}},"loc":{"start":{"line":39,"column":37},"end":{"line":41,"column":5}},"line":39},"4":{"name":"(anonymous_4)","decl":{"start":{"line":44,"column":18},"end":{"line":44,"column":19}},"loc":{"start":{"line":44,"column":49},"end":{"line":48,"column":3}},"line":44},"5":{"name":"(anonymous_5)","decl":{"start":{"line":45,"column":31},"end":{"line":45,"column":32}},"loc":{"start":{"line":45,"column":37},"end":{"line":47,"column":5}},"line":45},"6":{"name":"(anonymous_6)","decl":{"start":{"line":50,"column":22},"end":{"line":50,"column":23}},"loc":{"start":{"line":50,"column":28},"end":{"line":75,"column":3}},"line":50},"7":{"name":"(anonymous_7)","decl":{"start":{"line":52,"column":17},"end":{"line":52,"column":18}},"loc":{"start":{"line":52,"column":36},"end":{"line":61,"column":7}},"line":52},"8":{"name":"(anonymous_8)","decl":{"start":{"line":62,"column":15},"end":{"line":62,"column":16}},"loc":{"start":{"line":62,"column":34},"end":{"line":73,"column":7}},"line":62}},"branchMap":{"0":{"loc":{"start":{"line":19,"column":4},"end":{"line":19,"column":21}},"type":"default-arg","locations":[{"start":{"line":19,"column":16},"end":{"line":19,"column":21}}],"line":19},"1":{"loc":{"start":{"line":22,"column":4},"end":{"line":22,"column":19}},"type":"default-arg","locations":[{"start":{"line":22,"column":17},"end":{"line":22,"column":19}}],"line":22},"2":{"loc":{"start":{"line":24,"column":4},"end":{"line":24,"column":17}},"type":"default-arg","locations":[{"start":{"line":24,"column":12},"end":{"line":24,"column":17}}],"line":24},"3":{"loc":{"start":{"line":33,"column":4},"end":{"line":35,"column":5}},"type":"if","locations":[{"start":{"line":33,"column":4},"end":{"line":35,"column":5}},{"start":{"line":33,"column":4},"end":{"line":35,"column":5}}],"line":33},"4":{"loc":{"start":{"line":56,"column":27},"end":{"line":56,"column":53}},"type":"cond-expr","locations":[{"start":{"line":56,"column":35},"end":{"line":56,"column":44}},{"start":{"line":56,"column":47},"end":{"line":56,"column":53}}],"line":56},"5":{"loc":{"start":{"line":58,"column":23},"end":{"line":58,"column":74}},"type":"cond-expr","locations":[{"start":{"line":58,"column":31},"end":{"line":58,"column":51}},{"start":{"line":58,"column":54},"end":{"line":58,"column":74}}],"line":58},"6":{"loc":{"start":{"line":59,"column":21},"end":{"line":59,"column":63}},"type":"cond-expr","locations":[{"start":{"line":59,"column":39},"end":{"line":59,"column":58}},{"start":{"line":59,"column":61},"end":{"line":59,"column":63}}],"line":59},"7":{"loc":{"start":{"line":66,"column":23},"end":{"line":66,"column":52}},"type":"cond-expr","locations":[{"start":{"line":66,"column":31},"end":{"line":66,"column":40}},{"start":{"line":66,"column":43},"end":{"line":66,"column":52}}],"line":66},"8":{"loc":{"start":{"line":67,"column":27},"end":{"line":67,"column":53}},"type":"cond-expr","locations":[{"start":{"line":67,"column":35},"end":{"line":67,"column":44}},{"start":{"line":67,"column":47},"end":{"line":67,"column":53}}],"line":67},"9":{"loc":{"start":{"line":77,"column":16},"end":{"line":77,"column":75}},"type":"cond-expr","locations":[{"start":{"line":77,"column":30},"end":{"line":77,"column":62}},{"start":{"line":77,"column":65},"end":{"line":77,"column":75}}],"line":77},"10":{"loc":{"start":{"line":78,"column":12},"end":{"line":78,"column":65}},"type":"cond-expr","locations":[{"start":{"line":78,"column":26},"end":{"line":78,"column":55}},{"start":{"line":78,"column":58},"end":{"line":78,"column":65}}],"line":78},"11":{"loc":{"start":{"line":82,"column":7},"end":{"line":125,"column":9}},"type":"cond-expr","locations":[{"start":{"line":84,"column":10},"end":{"line":103,"column":12}},{"start":{"line":106,"column":10},"end":{"line":124,"column":12}}],"line":82},"12":{"loc":{"start":{"line":91,"column":16},"end":{"line":91,"column":42}},"type":"cond-expr","locations":[{"start":{"line":91,"column":21},"end":{"line":91,"column":35}},{"start":{"line":91,"column":38},"end":{"line":91,"column":42}}],"line":91},"13":{"loc":{"start":{"line":100,"column":33},"end":{"line":100,"column":61}},"type":"binary-expr","locations":[{"start":{"line":100,"column":33},"end":{"line":100,"column":52}},{"start":{"line":100,"column":56},"end":{"line":100,"column":61}}],"line":100},"14":{"loc":{"start":{"line":112,"column":16},"end":{"line":112,"column":42}},"type":"cond-expr","locations":[{"start":{"line":112,"column":21},"end":{"line":112,"column":35}},{"start":{"line":112,"column":38},"end":{"line":112,"column":42}}],"line":112},"15":{"loc":{"start":{"line":121,"column":33},"end":{"line":121,"column":61}},"type":"binary-expr","locations":[{"start":{"line":121,"column":33},"end":{"line":121,"column":52}},{"start":{"line":121,"column":56},"end":{"line":121,"column":61}}],"line":121},"16":{"loc":{"start":{"line":126,"column":7},"end":{"line":134,"column":14}},"type":"cond-expr","locations":[{"start":{"line":128,"column":10},"end":{"line":132,"column":16}},{"start":{"line":134,"column":10},"end":{"line":134,"column":14}}],"line":126}},"s":{"0":0,"1":0,"2":0,"3":0,"4":0,"5":0,"6":0,"7":0,"8":0,"9":0,"10":0,"11":0,"12":0,"13":0,"14":0,"15":0,"16":0,"17":0,"18":0,"19":0,"20":0,"21":0,"22":0},"f":{"0":0,"1":0,"2":0,"3":0,"4":0,"5":0,"6":0,"7":0,"8":0},"b":{"0":[0],"1":[0],"2":[0],"3":[0,0],"4":[0,0],"5":[0,0],"6":[0,0],"7":[0,0],"8":[0,0],"9":[0,0],"10":[0,0],"11":[0,0],"12":[0,0],"13":[0,0],"14":[0,0],"15":[0,0],"16":[0,0]},"hash":"2fbbcd3cc01dccfa9fc29b67f278aab838baedc7"}
,"/Users/n/Work/eessi-pensjon-ui/src/components/MultipleSelect/MultipleValueRemove.js": {"path":"/Users/n/Work/eessi-pensjon-ui/src/components/MultipleSelect/MultipleValueRemove.js","statementMap":{"0":{"start":{"line":4,"column":28},"end":{"line":10,"column":1}},"1":{"start":{"line":5,"column":2},"end":{"line":9,"column":3}}},"fnMap":{"0":{"name":"(anonymous_0)","decl":{"start":{"line":4,"column":28},"end":{"line":4,"column":29}},"loc":{"start":{"line":4,"column":39},"end":{"line":10,"column":1}},"line":4}},"branchMap":{},"s":{"0":0,"1":0},"f":{"0":0},"b":{},"hash":"6f842430f15b7ab150831f33b102ba15e515eee5"}
,"/Users/n/Work/eessi-pensjon-ui/src/components/Psycho/Psycho.js": {"path":"/Users/n/Work/eessi-pensjon-ui/src/components/Psycho/Psycho.js","statementMap":{"0":{"start":{"line":6,"column":15},"end":{"line":16,"column":1}},"1":{"start":{"line":7,"column":32},"end":{"line":7,"column":37}},"2":{"start":{"line":9,"column":2},"end":{"line":15,"column":3}},"3":{"start":{"line":18,"column":0},"end":{"line":20,"column":1}}},"fnMap":{"0":{"name":"(anonymous_0)","decl":{"start":{"line":6,"column":15},"end":{"line":6,"column":16}},"loc":{"start":{"line":6,"column":26},"end":{"line":16,"column":1}},"line":6}},"branchMap":{"0":{"loc":{"start":{"line":7,"column":10},"end":{"line":7,"column":27}},"type":"default-arg","locations":[{"start":{"line":7,"column":17},"end":{"line":7,"column":27}}],"line":7},"1":{"loc":{"start":{"line":11,"column":7},"end":{"line":13,"column":61}},"type":"cond-expr","locations":[{"start":{"line":12,"column":10},"end":{"line":12,"column":58}},{"start":{"line":13,"column":10},"end":{"line":13,"column":61}}],"line":11}},"s":{"0":2,"1":3,"2":3,"3":2},"f":{"0":3},"b":{"0":[1],"1":[1,2]},"_coverageSchema":"43e27e138ebf9cfc5966b082cf9a028302ed4184","hash":"3dfd2d3370a57ffcbfdbc44f154b34de571b584a"}
,"/Users/n/Work/eessi-pensjon-ui/src/components/Psycho/PsychoPanel.js": {"path":"/Users/n/Work/eessi-pensjon-ui/src/components/Psycho/PsychoPanel.js","statementMap":{"0":{"start":{"line":10,"column":20},"end":{"line":41,"column":1}},"1":{"start":{"line":11,"column":53},"end":{"line":11,"column":58}},"2":{"start":{"line":12,"column":30},"end":{"line":12,"column":45}},"3":{"start":{"line":14,"column":22},"end":{"line":18,"column":3}},"4":{"start":{"line":15,"column":4},"end":{"line":15,"column":22}},"5":{"start":{"line":16,"column":4},"end":{"line":16,"column":23}},"6":{"start":{"line":17,"column":4},"end":{"line":17,"column":19}},"7":{"start":{"line":20,"column":2},"end":{"line":22,"column":3}},"8":{"start":{"line":21,"column":4},"end":{"line":21,"column":15}},"9":{"start":{"line":24,"column":2},"end":{"line":40,"column":3}},"10":{"start":{"line":43,"column":0},"end":{"line":48,"column":1}}},"fnMap":{"0":{"name":"(anonymous_0)","decl":{"start":{"line":10,"column":20},"end":{"line":10,"column":21}},"loc":{"start":{"line":10,"column":31},"end":{"line":41,"column":1}},"line":10},"1":{"name":"(anonymous_1)","decl":{"start":{"line":14,"column":22},"end":{"line":14,"column":23}},"loc":{"start":{"line":14,"column":29},"end":{"line":18,"column":3}},"line":14}},"branchMap":{"0":{"loc":{"start":{"line":20,"column":2},"end":{"line":22,"column":3}},"type":"if","locations":[{"start":{"line":20,"column":2},"end":{"line":22,"column":3}},{"start":{"line":20,"column":2},"end":{"line":22,"column":3}}],"line":20},"1":{"loc":{"start":{"line":28,"column":9},"end":{"line":37,"column":16}},"type":"cond-expr","locations":[{"start":{"line":29,"column":10},"end":{"line":36,"column":16}},{"start":{"line":37,"column":12},"end":{"line":37,"column":16}}],"line":28}},"s":{"0":1,"1":6,"2":6,"3":6,"4":1,"5":1,"6":1,"7":6,"8":1,"9":5,"10":1},"f":{"0":6,"1":1},"b":{"0":[1,5],"1":[2,3]},"_coverageSchema":"43e27e138ebf9cfc5966b082cf9a028302ed4184","hash":"a80ae6fafe4f22f810d9abad48269e61e87eec82"}
,"/Users/n/Work/eessi-pensjon-ui/src/components/RefreshButton/RefreshButton.js": {"path":"/Users/n/Work/eessi-pensjon-ui/src/components/RefreshButton/RefreshButton.js","statementMap":{"0":{"start":{"line":8,"column":22},"end":{"line":20,"column":1}},"1":{"start":{"line":9,"column":42},"end":{"line":9,"column":47}},"2":{"start":{"line":11,"column":2},"end":{"line":19,"column":3}},"3":{"start":{"line":22,"column":0},"end":{"line":26,"column":1}}},"fnMap":{"0":{"name":"(anonymous_0)","decl":{"start":{"line":8,"column":22},"end":{"line":8,"column":23}},"loc":{"start":{"line":8,"column":33},"end":{"line":20,"column":1}},"line":8}},"branchMap":{},"s":{"0":0,"1":0,"2":0,"3":0},"f":{"0":0},"b":{},"hash":"8648e197fae8d0fd15dd9a8e2a7276711212cc00"}
,"/Users/n/Work/eessi-pensjon-ui/src/components/WaitingPanel/WaitingPanel.js": {"path":"/Users/n/Work/eessi-pensjon-ui/src/components/WaitingPanel/WaitingPanel.js","statementMap":{"0":{"start":{"line":6,"column":21},"end":{"line":15,"column":1}},"1":{"start":{"line":7,"column":33},"end":{"line":7,"column":38}},"2":{"start":{"line":9,"column":2},"end":{"line":14,"column":3}},"3":{"start":{"line":17,"column":0},"end":{"line":20,"column":1}}},"fnMap":{"0":{"name":"(anonymous_0)","decl":{"start":{"line":6,"column":21},"end":{"line":6,"column":22}},"loc":{"start":{"line":6,"column":32},"end":{"line":15,"column":1}},"line":6}},"branchMap":{},"s":{"0":1,"1":2,"2":2,"3":1},"f":{"0":2},"b":{},"_coverageSchema":"43e27e138ebf9cfc5966b082cf9a028302ed4184","hash":"1475edd1c6684a7848c7ebe285d15c89adc0a3fe"}
}
