TN:
SF:/Users/n/Work/eessi-pensjon-ui/src/components/Alert/Alert.js
FN:14,(anonymous_0)
FN:17,(anonymous_1)
FNF:2
FNH:2
FNDA:8,(anonymous_0)
FNDA:1,(anonymous_1)
DA:8,1
DA:14,1
DA:15,8
DA:17,8
DA:18,1
DA:19,1
DA:20,1
DA:22,1
DA:23,1
DA:25,1
DA:26,1
DA:28,1
DA:29,1
DA:31,1
DA:34,8
DA:35,3
DA:36,0
DA:39,3
DA:40,3
DA:41,1
DA:43,3
DA:53,5
DA:54,0
DA:57,5
DA:60,5
DA:61,5
DA:63,0
DA:66,5
DA:67,0
DA:70,5
DA:81,1
LF:31
LH:27
BRDA:19,0,0,1
BRDA:19,0,1,0
BRDA:22,1,0,1
BRDA:22,1,1,0
BRDA:25,2,0,1
BRDA:25,2,1,0
BRDA:28,3,0,1
BRDA:28,3,1,0
BRDA:34,4,0,3
BRDA:34,4,1,5
BRDA:35,5,0,0
BRDA:35,5,1,3
BRDA:40,6,0,1
BRDA:40,6,1,2
BRDA:53,7,0,0
BRDA:53,7,1,5
BRDA:60,8,0,5
BRDA:60,8,1,0
BRDA:66,9,0,0
BRDA:66,9,1,5
BRDA:72,10,0,5
BRDA:72,10,1,5
BRF:22
BRH:14
end_of_record
TN:
SF:/Users/n/Work/eessi-pensjon-ui/src/components/Banner/Banner.js
FN:6,(anonymous_0)
FNF:1
FNH:1
FNDA:3,(anonymous_0)
DA:6,1
DA:7,3
DA:9,3
DA:28,1
LF:4
LH:4
BRF:0
BRH:0
end_of_record
TN:
SF:/Users/n/Work/eessi-pensjon-ui/src/components/ColorPicker/ColorPicker.js
FN:7,(anonymous_0)
FN:13,(anonymous_1)
FN:19,(anonymous_2)
FN:23,(anonymous_3)
FN:27,(anonymous_4)
FNF:5
FNH:4
FNDA:6,(anonymous_0)
FNDA:2,(anonymous_1)
FNDA:3,(anonymous_2)
FNDA:1,(anonymous_3)
FNDA:0,(anonymous_4)
DA:7,1
DA:8,6
DA:10,6
DA:11,6
DA:13,6
DA:14,2
DA:15,0
DA:19,6
DA:20,3
DA:23,6
DA:24,1
DA:27,6
DA:28,0
DA:31,6
DA:61,6
DA:78,1
LF:16
LH:14
BRDA:14,0,0,0
BRDA:14,0,1,2
BRDA:66,1,0,2
BRDA:66,1,1,4
BRF:4
BRH:3
end_of_record
TN:
SF:/Users/n/Work/eessi-pensjon-ui/src/components/CountryData/CountryData.js
FN:2793,(anonymous_0)
FN:2797,(anonymous_1)
FN:2801,(anonymous_2)
FN:2805,(anonymous_3)
FN:2806,(anonymous_4)
FNF:5
FNH:5
FNDA:7,(anonymous_0)
FNDA:10,(anonymous_1)
FNDA:1,(anonymous_2)
FNDA:1,(anonymous_3)
FNDA:251,(anonymous_4)
DA:4,4
DA:2793,4
DA:2794,7
DA:2797,4
DA:2798,10
DA:2801,4
DA:2802,1
DA:2805,4
DA:2806,1
DA:2807,251
DA:2812,4
DA:2813,4
LF:12
LH:12
BRF:0
BRH:0
end_of_record
TN:
SF:/Users/n/Work/eessi-pensjon-ui/src/components/CountrySelect/CountryErrorStyle.js
FN:1,(anonymous_0)
FN:3,(anonymous_1)
FN:13,(anonymous_2)
FNF:3
FNH:3
FNDA:3,(anonymous_0)
FNDA:9,(anonymous_1)
FNDA:9,(anonymous_2)
DA:1,1
DA:2,3
DA:4,9
DA:5,9
DA:14,9
DA:15,9
LF:6
LH:6
BRDA:7,0,0,0
BRDA:7,0,1,9
BRDA:9,1,0,0
BRDA:9,1,1,9
BRDA:10,2,0,0
BRDA:10,2,1,9
BRDA:17,3,0,0
BRDA:17,3,1,9
BRDA:18,4,0,0
BRDA:18,4,1,9
BRF:10
BRH:5
end_of_record
TN:
SF:/Users/n/Work/eessi-pensjon-ui/src/components/CountrySelect/CountryFilter.js
FNF:0
FNH:0
DA:1,1
DA:5,1
LF:2
LH:2
BRF:0
BRH:0
end_of_record
TN:
SF:/Users/n/Work/eessi-pensjon-ui/src/components/CountrySelect/CountryOption.js
FN:6,(anonymous_0)
FNF:1
FNH:1
FNDA:606,(anonymous_0)
DA:6,2
DA:7,606
DA:8,606
DA:9,606
DA:10,606
DA:11,606
DA:12,606
DA:33,2
LF:8
LH:8
BRDA:9,0,0,606
BRDA:9,0,1,104
BRDA:10,1,0,355
BRDA:10,1,1,251
BRDA:10,2,0,249
BRDA:10,2,1,2
BRF:6
BRH:6
end_of_record
TN:
SF:/Users/n/Work/eessi-pensjon-ui/src/components/CountrySelect/CountrySelect.js
FN:13,(anonymous_0)
FN:17,(anonymous_1)
FN:18,(anonymous_2)
FN:23,(anonymous_3)
FN:24,(anonymous_4)
FNF:5
FNH:3
FNDA:3,(anonymous_0)
FNDA:3,(anonymous_1)
FNDA:5020,(anonymous_2)
FNDA:0,(anonymous_3)
FNDA:0,(anonymous_4)
DA:13,1
DA:14,3
DA:15,3
DA:17,3
DA:18,3
DA:19,5020
DA:23,3
DA:24,0
DA:25,0
DA:29,3
DA:30,3
DA:31,3
DA:33,3
DA:34,3
DA:35,0
DA:38,3
DA:78,1
LF:17
LH:14
BRDA:14,0,0,3
BRDA:15,1,0,3
BRDA:30,2,0,3
BRDA:30,2,1,0
BRDA:31,3,0,0
BRDA:31,3,1,3
BRDA:34,4,0,0
BRDA:34,4,1,3
BRDA:34,5,0,3
BRDA:34,5,1,3
BRDA:35,6,0,0
BRDA:35,6,1,0
BRDA:45,7,0,3
BRDA:45,7,1,0
BRDA:47,8,0,3
BRDA:47,8,1,0
BRDA:67,9,0,0
BRDA:67,9,1,3
BRF:18
BRH:10
end_of_record
TN:
SF:/Users/n/Work/eessi-pensjon-ui/src/components/CountrySelect/CountryValue.js
FN:4,(anonymous_0)
FNF:1
FNH:1
FNDA:12,(anonymous_0)
DA:4,2
DA:5,12
DA:6,12
DA:7,12
DA:8,12
DA:10,12
DA:18,2
LF:7
LH:7
BRDA:7,0,0,12
BRDA:7,0,1,9
BRDA:8,1,0,11
BRDA:8,1,1,1
BRDA:8,2,0,1
BRDA:8,2,1,0
BRF:6
BRH:5
end_of_record
TN:
SF:/Users/n/Work/eessi-pensjon-ui/src/components/DatePicker/DatePicker.js
FN:9,(anonymous_0)
FN:14,(anonymous_1)
FN:21,(anonymous_2)
FN:37,(anonymous_3)
FN:48,(anonymous_4)
FN:59,(anonymous_5)
FN:68,(anonymous_6)
FN:84,(anonymous_7)
FN:85,(anonymous_8)
FN:86,(anonymous_9)
FN:87,(anonymous_10)
FN:88,(anonymous_11)
FN:89,(anonymous_12)
FNF:13
FNH:9
FNDA:34,(anonymous_0)
FNDA:0,(anonymous_1)
FNDA:27,(anonymous_2)
FNDA:27,(anonymous_3)
FNDA:27,(anonymous_4)
FNDA:27,(anonymous_5)
FNDA:27,(anonymous_6)
FNDA:0,(anonymous_7)
FNDA:0,(anonymous_8)
FNDA:0,(anonymous_9)
FNDA:9,(anonymous_10)
FNDA:10,(anonymous_11)
FNDA:8,(anonymous_12)
DA:9,1
DA:10,34
DA:11,34
DA:12,34
DA:14,34
DA:15,0
DA:16,0
DA:17,0
DA:21,34
DA:22,27
DA:23,27
DA:24,27
DA:25,27
DA:26,17
DA:28,27
DA:29,20
DA:31,27
DA:32,10
DA:34,17
DA:37,34
DA:38,27
DA:39,11
DA:41,16
DA:42,16
DA:43,6
DA:45,10
DA:48,34
DA:49,27
DA:50,18
DA:52,9
DA:53,9
DA:54,2
DA:56,7
DA:59,34
DA:60,27
DA:68,34
DA:69,27
DA:72,27
DA:73,0
DA:74,0
DA:75,0
DA:77,27
DA:79,27
DA:80,27
DA:81,27
DA:84,34
DA:85,34
DA:86,34
DA:87,34
DA:88,34
DA:89,34
DA:91,34
DA:152,1
LF:53
LH:47
BRDA:10,0,0,34
BRDA:10,1,0,34
BRDA:10,2,0,0
BRDA:10,3,0,34
BRDA:10,4,0,34
BRDA:16,5,0,0
BRDA:16,5,1,0
BRDA:25,6,0,17
BRDA:25,6,1,10
BRDA:25,7,0,27
BRDA:25,7,1,13
BRDA:25,7,2,11
BRDA:28,8,0,20
BRDA:28,8,1,7
BRDA:31,9,0,10
BRDA:31,9,1,17
BRDA:31,10,0,27
BRDA:31,10,1,21
BRDA:31,11,0,27
BRDA:31,11,1,18
BRDA:38,12,0,11
BRDA:38,12,1,16
BRDA:42,13,0,6
BRDA:42,13,1,10
BRDA:42,14,0,16
BRDA:42,14,1,13
BRDA:42,14,2,11
BRDA:49,15,0,18
BRDA:49,15,1,9
BRDA:53,16,0,2
BRDA:53,16,1,7
BRDA:72,17,0,0
BRDA:72,17,1,27
BRDA:97,18,0,34
BRDA:97,18,1,34
BRDA:98,19,0,34
BRDA:98,19,1,0
BRDA:104,20,0,17
BRDA:104,20,1,17
BRDA:107,21,0,11
BRDA:107,21,1,23
BRDA:107,22,0,34
BRDA:107,22,1,24
BRDA:113,23,0,34
BRDA:113,23,1,34
BRDA:114,24,0,34
BRDA:114,24,1,0
BRDA:120,25,0,16
BRDA:120,25,1,18
BRDA:123,26,0,7
BRDA:123,26,1,27
BRDA:123,27,0,34
BRDA:123,27,1,28
BRDA:129,28,0,34
BRDA:129,28,1,34
BRDA:130,29,0,34
BRDA:130,29,1,0
BRDA:135,30,0,9
BRDA:135,30,1,25
BRDA:138,31,0,3
BRDA:138,31,1,31
BRDA:138,32,0,34
BRDA:138,32,1,32
BRDA:142,33,0,1
BRDA:142,33,1,33
BRF:65
BRH:58
end_of_record
TN:
SF:/Users/n/Work/eessi-pensjon-ui/src/components/File/File.js
FN:11,(anonymous_0)
FN:22,(anonymous_1)
FN:31,(anonymous_2)
FN:35,(anonymous_3)
FNF:4
FNH:3
FNDA:14,(anonymous_0)
FNDA:14,(anonymous_1)
FNDA:2,(anonymous_2)
FNDA:0,(anonymous_3)
DA:9,2
DA:11,2
DA:12,14
DA:13,0
DA:15,14
DA:16,14
DA:17,5
DA:19,14
DA:22,2
DA:23,14
DA:24,14
DA:26,14
DA:27,14
DA:28,14
DA:29,14
DA:31,14
DA:32,2
DA:35,14
DA:36,0
DA:39,14
DA:40,6
DA:52,8
DA:54,7
DA:67,1
DA:79,0
DA:93,2
LF:26
LH:23
BRDA:12,0,0,0
BRDA:12,0,1,14
BRDA:16,1,0,19
BRDA:16,1,1,5
BRDA:19,2,0,14
BRDA:19,2,1,0
BRDA:19,3,0,14
BRDA:19,3,1,0
BRDA:26,4,0,0
BRDA:26,4,1,14
BRDA:27,5,0,14
BRDA:27,5,1,0
BRDA:27,6,0,14
BRDA:27,6,1,14
BRDA:28,7,0,14
BRDA:28,7,1,14
BRDA:29,8,0,14
BRDA:29,8,1,14
BRDA:39,9,0,6
BRDA:39,9,1,8
BRDA:52,10,0,7
BRDA:52,10,1,1
BRDA:52,10,2,1
BRDA:52,10,3,0
BRF:24
BRH:18
end_of_record
TN:
SF:/Users/n/Work/eessi-pensjon-ui/src/components/File/Image(anonymous_0)
FN:9,(anonymous_1)
FN:23,(anonymous_2)
FN:33,(anonymous_3)
FN:41,(anonymous_4)
FNF:5
FNH:3
FNDA:9,(anonymous_0)
FNDA:0,(anonymous_1)
FNDA:1,(anonymous_2)
FNDA:0,(anonymous_3)
FNDA:1,(anonymous_4)
DA:8,3
DA:9,9
DA:10,9
DA:12,9
DA:23,1
DA:33,0
DA:41,1
DA:53,3
LF:8
LH:7
BRDA:9,0,0,0
BRDA:19,1,0,4
BRDA:19,1,1,5
BRDA:19,2,0,9
BRDA:19,2,1,9
BRDA:29,3,0,4
BRDA:29,3,1,5
BRDA:29,4,0,9
BRDA:29,4,1,9
BRF:9
BRH:8
end_of_record
TN:
SF:/Users/n/Work/eessi-pensjon-ui/src/components/File/Other.jsonymous_0)
FN:10,(anonymous_1)
FN:22,(anonymous_2)
FN:31,(anonymous_3)
FN:41,(anonymous_4)
FNF:5
FNH:3
FNDA:13,(anonymous_0)
FNDA:0,(anonymous_1)
FNDA:2,(anonymous_2)
FNDA:0,(anonymous_3)
FNDA:1,(anonymous_4)
DA:8,3
DA:11,13
DA:12,13
DA:14,13
DA:22,2
DA:31,0
DA:41,1
DA:48,3
LF:8
LH:7
BRDA:10,0,0,5
BRDA:19,1,0,4
BRDA:19,1,1,9
BRDA:25,2,0,3
BRDA:25,2,1,10
BRDA:25,3,0,13
BRDA:25,3,1,4
BRF:7
BRH:7
end_of_record
TN:
SF:/Users/n/Work/eessi-pensjon-ui/src/components/File/Pdf,(anonymous_0)
FN:19,(anonymous_1)
FN:25,(anonymous_2)
FN:32,(anonymous_3)
FN:41,(anonymous_4)
FN:49,(anonymous_5)
FN:57,(anonymous_6)
FN:66,(anonymous_7)
FN:121,(anonymous_8)
FNF:9
FNH:8
FNDA:24,(anonymous_0)
FNDA:15,(anonymous_1)
FNDA:13,(anonymous_2)
FNDA:1,(anonymous_3)
FNDA:2,(anonymous_4)
FNDA:1,(anonymous_5)
FNDA:2,(anonymous_6)
FNDA:2,(anonymous_7)
FNDA:0,(anonymous_8)
DA:9,3
DA:11,3
DA:12,24
DA:13,24
DA:14,24
DA:15,24
DA:16,24
DA:17,24
DA:19,24
DA:20,15
DA:21,1
DA:25,24
DA:26,13
DA:27,13
DA:28,13
DA:32,24
DA:33,1
DA:34,1
DA:35,1
DA:36,1
DA:37,1
DA:41,24
DA:42,2
DA:43,2
DA:44,2
DA:45,2
DA:49,24
DA:50,1
DA:51,1
DA:52,1
DA:53,1
DA:57,24
DA:58,2
DA:59,2
DA:60,2
DA:61,2
DA:62,1
DA:66,24
DA:67,2
DA:68,2
DA:69,2
DA:70,2
DA:71,1
DA:75,24
DA:121,0
DA:167,3
LF:46
LH:45
BRDA:17,0,0,24
BRDA:17,0,1,1
BRDA:20,1,0,1
BRDA:20,1,1,14
BRDA:20,2,0,15
BRDA:20,2,1,5
BRDA:20,2,2,5
BRDA:27,3,0,13
BRDA:27,3,1,0
BRDA:36,4,0,1
BRDA:36,4,1,0
BRDA:44,5,0,2
BRDA:44,5,1,0
BRDA:52,6,0,1
BRDA:52,6,1,0
BRDA:61,7,0,1
BRDA:61,7,1,1
BRDA:61,8,0,2
BRDA:61,8,1,1
BRDA:70,9,0,1
BRDA:70,9,1,1
BRDA:70,10,0,2
BRDA:70,10,1,1
BRDA:88,11,0,16
BRDA:88,11,1,8
BRDA:88,12,0,24
BRDA:88,12,1,24
BRDA:97,13,0,16
BRDA:97,13,1,8
BRDA:97,14,0,24
BRDA:97,14,1,24
BRDA:106,15,0,11
BRDA:106,15,1,13
BRDA:106,16,0,24
BRDA:106,16,1,16
BRDA:115,17,0,16
BRDA:115,17,1,8
BRDA:115,18,0,24
BRDA:115,18,1,24
BRDA:130,19,0,5
BRDA:130,19,1,19
BRDA:130,20,0,24
BRDA:130,20,1,7
BRDA:140,21,0,16
BRDA:140,21,1,8
BRDA:140,22,0,24
BRDA:140,22,1,23
BRDA:150,23,0,16
BRDA:150,23,1,8
BRDA:160,24,0,24
BRDA:160,24,1,24
BRDA:160,25,0,24
BRDA:160,25,1,24
BRF:53
BRH:49
end_of_record
TN:
SF:/Users/n/Work/eessi-pensjon-ui/src/components/FileUpload/FileUpload.js
FN:13,(anonymous_0)
FN:20,(anonymous_1)
FN:22,(anonymous_2)
FN:26,(anonymous_3)
FN:36,(anonymous_4)
FN:52,(anonymous_5)
FN:55,(anonymous_6)
FN:58,(anonymous_7)
FN:59,(anonymous_8)
FN:84,(anonymous_9)
FN:102,(anonymous_10)
FN:115,(anonymous_11)
FN:125,(anonymous_12)
FN:133,(anonymous_13)
FN:139,(anonymous_14)
FN:168,(anonymous_15)
FNF:16
FNH:14
FNDA:35,(anonymous_0)
FNDA:23,(anonymous_1)
FNDA:3,(anonymous_2)
FNDA:1,(anonymous_3)
FNDA:4,(anonymous_4)
FNDA:3,(anonymous_5)
FNDA:1,(anonymous_6)
FNDA:0,(anonymous_7)
FNDA:1,(anonymous_8)
FNDA:3,(anonymous_9)
FNDA:2,(anonymous_10)
FNDA:1,(anonymous_11)
FNDA:0,(anonymous_12)
FNDA:1,(anonymous_13)
FNDA:1,(anonymous_14)
FNDA:8,(anonymous_15)
DA:13,1
DA:14,35
DA:15,35
DA:16,35
DA:17,35
DA:18,35
DA:20,35
DA:21,23
DA:22,3
DA:26,35
DA:27,1
DA:36,35
DA:37,4
DA:38,4
DA:39,4
DA:41,4
DA:42,4
DA:47,4
DA:48,4
DA:52,35
DA:53,3
DA:54,3
DA:55,3
DA:56,1
DA:57,1
DA:58,1
DA:59,1
DA:60,1
DA:61,1
DA:62,1
DA:63,1
DA:64,13
DA:66,1
DA:67,1
DA:75,1
DA:78,3
DA:79,3
DA:80,3
DA:81,3
DA:84,35
DA:85,3
DA:86,3
DA:88,3
DA:89,0
DA:95,3
DA:97,3
DA:98,3
DA:102,35
DA:103,2
DA:104,1
DA:115,35
DA:116,1
DA:117,1
DA:118,1
DA:119,1
DA:120,1
DA:121,1
DA:122,1
DA:125,35
DA:126,0
DA:127,0
DA:128,0
DA:129,0
DA:133,35
DA:134,1
DA:135,1
DA:136,1
DA:139,35
DA:140,1
DA:141,1
DA:142,1
DA:145,35
DA:152,35
DA:169,8
DA:188,1
LF:75
LH:70
BRDA:17,0,0,35
BRDA:17,0,1,0
BRDA:18,1,0,35
BRDA:18,1,1,0
BRDA:21,2,0,3
BRDA:21,2,1,20
BRDA:21,3,0,23
BRDA:21,3,1,8
BRDA:38,4,0,4
BRDA:38,4,1,0
BRDA:41,5,0,4
BRDA:41,5,1,0
BRDA:43,6,0,4
BRDA:43,6,1,0
BRDA:47,7,0,4
BRDA:47,7,1,0
BRDA:85,8,0,3
BRDA:85,8,1,0
BRDA:88,9,0,0
BRDA:88,9,1,3
BRDA:88,10,0,3
BRDA:88,10,1,3
BRDA:97,11,0,3
BRDA:97,11,1,0
BRDA:103,12,0,1
BRDA:103,12,1,1
BRDA:103,13,0,2
BRDA:103,13,1,2
BRDA:126,14,0,0
BRDA:126,14,1,0
BRDA:126,15,0,0
BRDA:126,15,1,0
BRDA:126,15,2,0
BRDA:164,16,0,35
BRDA:164,16,1,30
BRF:35
BRH:21
end_of_record
TN:
SF:/Users/n/Work/eessi-pensjon-ui/src/components/Flag/Flag.js
FN:7,(anonymous_0)
FNF:1
FNH:1
FNDA:12,(anonymous_0)
DA:7,2
DA:8,12
DA:10,12
DA:23,2
LF:4
LH:4
BRDA:8,0,0,11
BRDA:8,1,0,11
BRDA:8,2,0,12
BRF:3
BRH:3
end_of_record
TN:
SF:/Users/n/Work/eessi-pensjon-ui/src/components/Flag/FlagList.js
FN:10,(anonymous_0)
FN:17,(anonymous_1)
FNF:2
FNH:2
FNDA:4,(anonymous_0)
FNDA:12,(anonymous_1)
DA:10,1
DA:11,4
DA:13,4
DA:18,12
DA:19,3
DA:21,9
DA:22,9
DA:39,1
LF:8
LH:8
BRDA:11,0,0,0
BRDA:18,1,0,3
BRDA:18,1,1,9
BRDA:21,2,0,9
BRDA:21,2,1,9
BRDA:32,3,0,3
BRDA:32,3,1,1
BRF:7
BRH:6
end_of_record
TN:
SF:/Users/n/Work/eessi-pensjon-ui/src/components/FocusGroup/FocusGroup.js
FN:6,(anonymous_0)
FN:11,(anonymous_1)
FN:14,(anonymous_2)
FN:23,(anonymous_3)
FNF:4
FNH:4
FNDA:7,(anonymous_0)
FNDA:1,(anonymous_1)
FNDA:1,(anonymous_2)
FNDA:1,(anonymous_3)
DA:6,1
DA:7,7
DA:8,7
DA:9,7
DA:11,7
DA:12,1
DA:13,1
DA:15,1
DA:16,1
DA:17,1
DA:23,7
DA:24,1
DA:25,1
DA:26,1
DA:27,1
DA:28,1
DA:33,7
DA:44,1
LF:18
LH:18
BRDA:16,0,0,1
BRDA:16,0,1,0
BRDA:25,1,0,1
BRDA:25,1,1,0
BRDA:27,2,0,1
BRDA:27,2,1,0
BRF:6
BRH:3
end_of_record
TN:
SF:/Users/n/Work/eessi-pensjon-ui/src/components/Icons/Icons.js
FN:34,(anonymous_0)
FNF:1
FNH:1
FNDA:68,(anonymous_0)
DA:34,7
DA:35,68
DA:36,68
DA:38,68
DA:39,0
DA:40,0
DA:41,0
DA:42,0
DA:43,0
DA:44,0
DA:45,0
DA:46,0
DA:47,0
DA:48,0
DA:50,0
DA:51,0
DA:52,0
DA:53,0
DA:54,0
DA:55,0
DA:56,0
DA:57,0
DA:58,0
DA:59,0
DA:61,0
DA:62,0
DA:63,0
DA:64,0
DA:66,0
DA:67,12
DA:68,0
DA:70,0
DA:71,0
DA:72,0
DA:73,0
DA:74,0
DA:75,0
DA:76,0
DA:77,0
DA:79,0
DA:80,0
DA:81,0
DA:82,0
DA:83,0
DA:84,19
DA:85,0
DA:86,0
DA:87,0
DA:88,0
DA:89,0
DA:91,0
DA:92,0
DA:93,0
DA:94,0
DA:95,8
DA:96,0
DA:97,0
DA:98,9
DA:99,20
DA:100,0
DA:101,0
DA:102,0
DA:103,0
DA:105,0
DA:109,7
LF:65
LH:10
BRDA:36,0,0,68
BRDA:36,0,1,24
BRDA:38,1,0,0
BRDA:38,1,1,0
BRDA:38,1,2,0
BRDA:38,1,3,0
BRDA:38,1,4,0
BRDA:38,1,5,0
BRDA:38,1,6,0
BRDA:38,1,7,0
BRDA:38,1,8,0
BRDA:38,1,9,0
BRDA:38,1,10,0
BRDA:38,1,11,0
BRDA:38,1,12,0
BRDA:38,1,13,0
BRDA:38,1,14,0
BRDA:38,1,15,0
BRDA:38,1,16,0
BRDA:38,1,17,0
BRDA:38,1,18,0
BRDA:38,1,19,0
BRDA:38,1,20,0
BRDA:38,1,21,0
BRDA:38,1,22,0
BRDA:38,1,23,0
BRDA:38,1,24,0
BRDA:38,1,25,12
BRDA:38,1,26,0
BRDA:38,1,27,0
BRDA:38,1,28,0
BRDA:38,1,29,0
BRDA:38,1,30,0
BRDA:38,1,31,0
BRDA:38,1,32,0
BRDA:38,1,33,0
BRDA:38,1,34,0
BRDA:38,1,35,0
BRDA:38,1,36,0
BRDA:38,1,37,0
BRDA:38,1,38,0
BRDA:38,1,39,0
BRDA:38,1,40,19
BRDA:38,1,41,0
BRDA:38,1,42,0
BRDA:38,1,43,0
BRDA:38,1,44,0
BRDA:38,1,45,0
BRDA:38,1,46,0
BRDA:38,1,47,0
BRDA:38,1,48,0
BRDA:38,1,49,0
BRDA:38,1,50,0
BRDA:38,1,51,0
BRDA:38,1,52,8
BRDA:38,1,53,0
BRDA:38,1,54,0
BRDA:38,1,55,9
BRDA:38,1,56,20
BRDA:38,1,57,0
BRDA:38,1,58,0
BRDA:38,1,59,0
BRDA:38,1,60,0
BRDA:38,1,61,0
BRF:64
BRH:7
end_of_record
TN:
SF:/Users/n/Work/eessi-pensjon-ui/src/components/Modal/Modal.js
FN:6,(anonymous_0)
FN:9,(anonymous_1)
FN:41,(anonymous_2)
FNF:3
FNH:2
FNDA:3,(anonymous_0)
FNDA:0,(anonymous_1)
FNDA:6,(anonymous_2)
DA:6,1
DA:7,3
DA:9,3
DA:10,0
DA:13,3
DA:42,6
DA:43,6
DA:74,1
LF:8
LH:7
BRDA:22,0,0,3
BRDA:22,0,1,0
BRDA:24,1,0,3
BRDA:24,1,1,0
BRDA:31,2,0,0
BRDA:31,2,1,3
BRDA:38,3,0,3
BRDA:38,3,1,0
BRDA:43,4,0,3
BRDA:43,4,1,3
BRDA:47,5,0,3
BRDA:47,5,1,3
BRF:12
BRH:8
end_of_record
TN:
SF:/Users/n/Work/eessi-pensjon-ui/src/components/Modal/StorageModal.js
FN:45,(anonymous_0)
FN:83,(anonymous_1)
FN:116,(anonymous_2)
FN:139,(anonymous_3)
FN:147,(anonymous_4)
FN:154,(anonymous_5)
FN:161,(anonymous_6)
FN:167,(anonymous_7)
FN:199,(anonymous_8)
FN:209,(anonymous_9)
FN:216,(anonymous_10)
FN:223,(anonymous_11)
FN:234,(anonymous_12)
FN:240,(anonymous_13)
FN:272,(anonymous_14)
FNF:15
FNH:0
FNDA:0,(anonymous_0)
FNDA:0,(anonymous_1)
FNDA:0,(anonymous_2)
FNDA:0,(anonymous_3)
FNDA:0,(anonymous_4)
FNDA:0,(anonymous_5)
FNDA:0,(anonymous_6)
FNDA:0,(anonymous_7)
FNDA:0,(anonymous_8)
FNDA:0,(anonymous_9)
FNDA:0,(anonymous_10)
FNDA:0,(anonymous_11)
FNDA:0,(anonymous_12)
FNDA:0,(anonymous_13)
FNDA:0,(anonymous_14)
DA:37,0
DA:46,0
DA:47,0
DA:48,0
DA:54,0
DA:55,0
DA:61,0
DA:62,0
DA:68,0
DA:69,0
DA:74,0
DA:75,0
DA:80,0
DA:88,0
DA:89,0
DA:91,0
DA:92,0
DA:95,0
DA:96,0
DA:102,0
DA:103,0
DA:110,0
DA:111,0
DA:117,0
DA:118,0
DA:122,0
DA:123,0
DA:127,0
DA:133,0
DA:134,0
DA:140,0
DA:141,0
DA:142,0
DA:148,0
DA:150,0
DA:151,0
DA:155,0
DA:157,0
DA:158,0
DA:162,0
DA:164,0
DA:168,0
DA:169,0
DA:171,0
DA:172,0
DA:179,0
DA:180,0
DA:181,0
DA:194,0
DA:200,0
DA:202,0
DA:210,0
DA:211,0
DA:213,0
DA:217,0
DA:218,0
DA:220,0
DA:224,0
DA:225,0
DA:227,0
DA:235,0
DA:244,0
DA:245,0
DA:247,0
DA:248,0
DA:250,0
DA:273,0
DA:274,0
DA:275,0
DA:277,0
DA:371,0
LF:71
LH:0
BRDA:46,0,0,0
BRDA:46,0,1,0
BRDA:47,1,0,0
BRDA:47,1,1,0
BRDA:54,2,0,0
BRDA:54,2,1,0
BRDA:61,3,0,0
BRDA:61,3,1,0
BRDA:68,4,0,0
BRDA:68,4,1,0
BRDA:68,5,0,0
BRDA:68,5,1,0
BRDA:74,6,0,0
BRDA:74,6,1,0
BRDA:74,7,0,0
BRDA:74,7,1,0
BRDA:74,7,2,0
BRDA:91,8,0,0
BRDA:91,8,1,0
BRDA:95,9,0,0
BRDA:95,9,1,0
BRDA:95,10,0,0
BRDA:95,10,1,0
BRDA:95,10,2,0
BRDA:102,11,0,0
BRDA:102,11,1,0
BRDA:102,12,0,0
BRDA:102,12,1,0
BRDA:110,13,0,0
BRDA:110,13,1,0
BRDA:110,14,0,0
BRDA:110,14,1,0
BRDA:122,15,0,0
BRDA:122,15,1,0
BRDA:122,16,0,0
BRDA:122,16,1,0
BRDA:123,17,0,0
BRDA:123,17,1,0
BRDA:125,18,0,0
BRDA:125,18,1,0
BRDA:133,19,0,0
BRDA:133,19,1,0
BRDA:133,20,0,0
BRDA:133,20,1,0
BRDA:171,21,0,0
BRDA:171,21,1,0
BRDA:179,22,0,0
BRDA:179,22,1,0
BRDA:180,23,0,0
BRDA:180,23,1,0
BRDA:247,24,0,0
BRDA:247,24,1,0
BRDA:248,25,0,0
BRDA:248,25,1,0
BRDA:265,26,0,0
BRDA:265,26,1,0
BRDA:272,27,0,0
BRDA:272,27,1,0
BRDA:272,28,0,0
BRDA:272,28,1,0
BRDA:273,29,0,0
BRDA:273,29,1,0
BRDA:274,30,0,0
BRDA:274,30,1,0
BRDA:279,31,0,0
BRDA:279,31,1,0
BRDA:280,32,0,0
BRDA:280,32,1,0
BRDA:285,33,0,0
BRDA:285,33,1,0
BRDA:288,34,0,0
BRDA:288,34,1,0
BRDA:289,35,0,0
BRDA:289,35,1,0
BRDA:321,36,0,0
BRDA:321,36,1,0
BRDA:321,37,0,0
BRDA:321,37,1,0
BRDA:325,38,0,0
BRDA:325,38,1,0
BRDA:334,39,0,0
BRDA:334,39,1,0
BRDA:338,40,0,0
BRDA:338,40,1,0
BRDA:355,41,0,0
BRDA:355,41,1,0
BRF:86
BRH:0
end_of_record
TN:
SF:/Users/n/Work/eessi-pensjon-ui/src/components/MultipleSelect/MultipleOption.js
FN:6,(anonymous_0)
FN:22,(anonymous_1)
FNF:2
FNH:1
FNDA:2,(anonymous_0)
FNDA:0,(anonymous_1)
DA:6,1
DA:7,2
DA:8,2
DA:10,2
DA:29,1
LF:5
LH:5
BRF:0
BRH:0
end_of_record
TN:
SF:/Users/n/Work/eessi-pensjon-ui/src/components/MultipleSelect/MultipleSelect.js
FN:14,(anonymous_0)
FN:32,(anonymous_1)
FN:38,(anonymous_2)
FN:39,(anonymous_3)
FN:44,(anonymous_4)
FN:45,(anonymous_5)
FN:50,(anonymous_6)
FN:52,(anonymous_7)
FN:62,(anonymous_8)
FNF:9
FNH:0
FNDA:0,(anonymous_0)
FNDA:0,(anonymous_1)
FNDA:0,(anonymous_2)
FNDA:0,(anonymous_3)
FNDA:0,(anonymous_4)
FNDA:0,(anonymous_5)
FNDA:0,(anonymous_6)
FNDA:0,(anonymous_7)
FNDA:0,(anonymous_8)
DA:12,0
DA:14,0
DA:28,0
DA:30,0
DA:32,0
DA:33,0
DA:34,0
DA:38,0
DA:39,0
DA:40,0
DA:44,0
DA:45,0
DA:46,0
DA:50,0
DA:51,0
DA:53,0
DA:54,0
DA:63,0
DA:64,0
DA:77,0
DA:78,0
DA:80,0
DA:139,0
LF:23
LH:0
BRDA:19,0,0,0
BRDA:22,1,0,0
BRDA:24,2,0,0
BRDA:33,3,0,0
BRDA:33,3,1,0
BRDA:56,4,0,0
BRDA:56,4,1,0
BRDA:58,5,0,0
BRDA:58,5,1,0
BRDA:59,6,0,0
BRDA:59,6,1,0
BRDA:66,7,0,0
BRDA:66,7,1,0
BRDA:67,8,0,0
BRDA:67,8,1,0
BRDA:77,9,0,0
BRDA:77,9,1,0
BRDA:78,10,0,0
BRDA:78,10,1,0
BRDA:82,11,0,0
BRDA:82,11,1,0
BRDA:91,12,0,0
BRDA:91,12,1,0
BRDA:100,13,0,0
BRDA:100,13,1,0
BRDA:112,14,0,0
BRDA:112,14,1,0
BRDA:121,15,0,0
BRDA:121,15,1,0
BRDA:126,16,0,0
BRDA:126,16,1,0
BRF:31
BRH:0
end_of_record
TN:
SF:/Users/n/Work/eessi-pensjon-ui/src/components/MultipleSelect/MultipleValueRemove.js
FN:4,(anonymous_0)
FNF:1
FNH:0
FNDA:0,(anonymous_0)
DA:4,0
DA:5,0
LF:2
LH:0
BRF:0
BRH:0
end_of_record
TN:
SF:/Users/n/Work/eessi-pensjon-ui/src/components/Psycho/Psycho.js
FN:6,(anonymous_0)
FNF:1
FNH:1
FNDA:3,(anonymous_0)
DA:6,2
DA:7,3
DA:9,3
DA:18,2
LF:4
LH:4
BRDA:7,0,0,1
BRDA:11,1,0,1
BRDA:11,1,1,2
BRF:3
BRH:3
end_of_record
TN:
SF:/Users/n/Work/eessi-pensjon-ui/src/components/Psycho/PsychoPanel.js
FN:10,(anonymous_0)
FN:14,(anonymous_1)
FNF:2
FNH:2
FNDA:6,(anonymous_0)
FNDA:1,(anonymous_1)
DA:10,1
DA:11,6
DA:12,6
DA:14,6
DA:15,1
DA:16,1
DA:17,1
DA:20,6
DA:21,1
DA:24,5
DA:43,1
LF:11
LH:11
BRDA:20,0,0,1
BRDA:20,0,1,5
BRDA:28,1,0,2
BRDA:28,1,1,3
BRF:4
BRH:4
end_of_record
TN:
SF:/Users/n/Work/eessi-pensjon-ui/src/components/RefreshButton/RefreshButton.js
FN:8,(anonymous_0)
FNF:1
FNH:0
FNDA:0,(anonymous_0)
DA:8,0
DA:9,0
DA:11,0
DA:22,0
LF:4
LH:0
BRF:0
BRH:0
end_of_record
TN:
SF:/Users/n/Work/eessi-pensjon-ui/src/components/WaitingPanel/WaitingPanel.js
FN:6,(anonymous_0)
FNF:1
FNH:1
FNDA:2,(anonymous_0)
DA:6,1
DA:7,2
DA:9,2
DA:17,1
LF:4
LH:4
BRF:0
BRH:0
end_of_record
